#
# There is insufficient memory for the Java Runtime Environment to continue.
# Native memory allocation (malloc) failed to allocate 639536 bytes for Chunk::new
# Possible reasons:
#   The system is out of physical RAM or swap space
#   In 32 bit mode, the process size limit was hit
# Possible solutions:
#   Reduce memory load on the system
#   Increase physical memory or swap space
#   Check if swap backing store is full
#   Use 64 bit Java on a 64 bit OS
#   Decrease Java heap size (-Xmx/-Xms)
#   Decrease number of Java threads
#   Decrease Java thread stack sizes (-Xss)
#   Set larger code cache with -XX:ReservedCodeCacheSize=
# This output file may be truncated or incomplete.
#
#  Out of Memory Error (allocation.cpp:390), pid=12108, tid=0x0000000000001704
#
# JRE version: Java(TM) SE Runtime Environment (8.0_161-b12) (build 1.8.0_161-b12)
# Java VM: Java HotSpot(TM) 64-Bit Server VM (25.161-b12 mixed mode windows-amd64 compressed oops)
# Failed to write core dump. Minidumps are not enabled by default on client versions of Windows
#

---------------  T H R E A D  ---------------

Current thread (0x0000000016c6b000):  JavaThread "C2 CompilerThread1" daemon [_thread_in_native, id=5892, stack(0x000000001ac80000,0x000000001ad80000)]

Stack: [0x000000001ac80000,0x000000001ad80000]
[error occurred during error reporting (printing stack bounds), id 0xc0000005]

Native frames: (J=compiled Java code, j=interpreted, Vv=VM code, C=native code)


Current CompileTask:
C2:  16925 1152       4       org.java.plugin.standard.StandardPathResolver::maybeJarUrl (101 bytes)


---------------  P R O C E S S  ---------------

Java Threads: ( => current thread )
  0x000000001a888000 JavaThread "Service Thread" daemon [_thread_blocked, id=10296, stack(0x000000001ae80000,0x000000001b880000)]
  0x000000001a882800 JavaThread "C1 CompilerThread2" daemon [_thread_blocked, id=8612, stack(0x000000001ad80000,0x000000001ae80000)]
=>0x0000000016c6b000 JavaThread "C2 CompilerThread1" daemon [_thread_in_native, id=5892, stack(0x000000001ac80000,0x000000001ad80000)]
  0x0000000016c0d800 JavaThread "C2 CompilerThread0" daemon [_thread_in_native, id=12332, stack(0x000000001a780000,0x000000001a880000)]
  0x0000000016c0c800 JavaThread "Attach Listener" daemon [_thread_blocked, id=432, stack(0x0000000019d80000,0x000000001a780000)]
  0x0000000016c0b000 JavaThread "Signal Dispatcher" daemon [_thread_blocked, id=2036, stack(0x0000000019380000,0x0000000019d80000)]
  0x0000000016bfa800 JavaThread "Finalizer" daemon [_thread_blocked, id=9772, stack(0x0000000018760000,0x0000000019160000)]
  0x0000000005220800 JavaThread "Reference Handler" daemon [_thread_blocked, id=7232, stack(0x0000000017d60000,0x0000000018760000)]
  0x000000000528e800 JavaThread "main" [_thread_in_Java, id=4416, stack(0x0000000005290000,0x0000000005c90000)]

Other Threads:
  0x0000000016bd8800 VMThread [stack: 0x0000000017c60000,0x0000000017d60000] [id=3016]
  0x000000001a88a000 WatcherThread [stack: 0x000000001b9e0000,0x000000001bae0000] [id=9036]

VM state:not at safepoint (normal execution)

VM Mutex/Monitor currently owned by a thread: None

Heap:
 PSYoungGen      total 28672K, used 19070K [0x00000000f7b00000, 0x00000000f9b00000, 0x0000000100000000)
  eden space 24576K, 69% used [0x00000000f7b00000,0x00000000f8bb9ca8,0x00000000f9300000)
  from space 4096K, 47% used [0x00000000f9700000,0x00000000f98e5c98,0x00000000f9b00000)
  to   space 4096K, 0% used [0x00000000f9300000,0x00000000f9300000,0x00000000f9700000)
 ParOldGen       total 65536K, used 104K [0x00000000e7000000, 0x00000000eb000000, 0x00000000f7b00000)
  object space 65536K, 0% used [0x00000000e7000000,0x00000000e701a010,0x00000000eb000000)
 Metaspace       used 6910K, capacity 7106K, committed 7296K, reserved 1056768K
  class space    used 755K, capacity 791K, committed 896K, reserved 1048576K

Card table byte_map: [0x0000000015050000,0x0000000015120000] byte_map_base: 0x0000000014918000

Marking Bits: (ParMarkBitMap*) 0x00000000629cf860
 Begin Bits: [0x0000000015520000, 0x0000000015b60000)
 End Bits:   [0x0000000015b60000, 0x00000000161a0000)

Polling page: 0x0000000003a10000

CodeCache: size=245760Kb used=5064Kb max_used=5076Kb free=240696Kb
 bounds [0x0000000005c90000, 0x0000000006190000, 0x0000000014c90000]
 total_blobs=1437 nmethods=1150 adapters=199
 compilation: enabled

Compilation events (10 events):
Event: 16.824 Thread 0x000000001a882800 1149       3       org.java.plugin.registry.xml.PluginPrerequisiteImpl::isReverseLookup (8 bytes)
Event: 16.824 Thread 0x000000001a882800 nmethod 1149 0x000000000617b9d0 code [0x000000000617bb20, 0x000000000617bd10]
Event: 16.840 Thread 0x0000000016c6b000 nmethod 1147 0x0000000006187f90 code [0x0000000006188120, 0x0000000006188e58]
Event: 16.840 Thread 0x0000000016c6b000 1148       4       java.util.HashMap$HashIterator::hasNext (13 bytes)
Event: 16.840 Thread 0x0000000016c6b000 nmethod 1148 0x000000000610aa50 code [0x000000000610ab80, 0x000000000610abf8]
Event: 16.845 Thread 0x0000000016c6b000 1150       4       java.util.LinkedHashMap$LinkedHashIterator::hasNext (13 bytes)
Event: 16.845 Thread 0x0000000016c6b000 nmethod 1150 0x000000000611ab90 code [0x000000000611acc0, 0x000000000611ad38]
Event: 16.857 Thread 0x000000001a882800 1151       3       java.util.Stack::push (7 bytes)
Event: 16.857 Thread 0x000000001a882800 nmethod 1151 0x000000000617b590 code [0x000000000617b700, 0x000000000617b928]
Event: 16.869 Thread 0x0000000016c6b000 1152       4       org.java.plugin.standard.StandardPathResolver::maybeJarUrl (101 bytes)

GC Heap History (8 events):
Event: 7.435 GC heap before
{Heap before GC invocations=1 (full 0):
 PSYoungGen      total 28672K, used 24576K [0x00000000f7b00000, 0x00000000f9b00000, 0x0000000100000000)
  eden space 24576K, 100% used [0x00000000f7b00000,0x00000000f9300000,0x00000000f9300000)
  from space 4096K, 0% used [0x00000000f9700000,0x00000000f9700000,0x00000000f9b00000)
  to   space 4096K, 0% used [0x00000000f9300000,0x00000000f9300000,0x00000000f9700000)
 ParOldGen       total 65536K, used 0K [0x00000000e7000000, 0x00000000eb000000, 0x00000000f7b00000)
  object space 65536K, 0% used [0x00000000e7000000,0x00000000e7000000,0x00000000eb000000)
 Metaspace       used 4861K, capacity 5152K, committed 5248K, reserved 1056768K
  class space    used 550K, capacity 596K, committed 640K, reserved 1048576K
Event: 7.440 GC heap after
Heap after GC invocations=1 (full 0):
 PSYoungGen      total 28672K, used 3286K [0x00000000f7b00000, 0x00000000f9b00000, 0x0000000100000000)
  eden space 24576K, 0% used [0x00000000f7b00000,0x00000000f7b00000,0x00000000f9300000)
  from space 4096K, 80% used [0x00000000f9300000,0x00000000f9635af0,0x00000000f9700000)
  to   space 4096K, 0% used [0x00000000f9700000,0x00000000f9700000,0x00000000f9b00000)
 ParOldGen       total 65536K, used 8K [0x00000000e7000000, 0x00000000eb000000, 0x00000000f7b00000)
  object space 65536K, 0% used [0x00000000e7000000,0x00000000e7002000,0x00000000eb000000)
 Metaspace       used 4861K, capacity 5152K, committed 5248K, reserved 1056768K
  class space    used 550K, capacity 596K, committed 640K, reserved 1048576K
}
Event: 16.062 GC heap before
{Heap before GC invocations=2 (full 0):
 PSYoungGen      total 28672K, used 27862K [0x00000000f7b00000, 0x00000000f9b00000, 0x0000000100000000)
  eden space 24576K, 100% used [0x00000000f7b00000,0x00000000f9300000,0x00000000f9300000)
  from space 4096K, 80% used [0x00000000f9300000,0x00000000f9635af0,0x00000000f9700000)
  to   space 4096K, 0% used [0x00000000f9700000,0x00000000f9700000,0x00000000f9b00000)
 ParOldGen       total 65536K, used 8K [0x00000000e7000000, 0x00000000eb000000, 0x00000000f7b00000)
  object space 65536K, 0% used [0x00000000e7000000,0x00000000e7002000,0x00000000eb000000)
 Metaspace       used 4973K, capacity 5216K, committed 5504K, reserved 1056768K
  class space    used 562K, capacity 596K, committed 640K, reserved 1048576K
Event: 16.067 GC heap after
Heap after GC invocations=2 (full 0):
 PSYoungGen      total 28672K, used 2976K [0x00000000f7b00000, 0x00000000f9b00000, 0x0000000100000000)
  eden space 24576K, 0% used [0x00000000f7b00000,0x00000000f7b00000,0x00000000f9300000)
  from space 4096K, 72% used [0x00000000f9700000,0x00000000f99e83b8,0x00000000f9b00000)
  to   space 4096K, 0% used [0x00000000f9300000,0x00000000f9300000,0x00000000f9700000)
 ParOldGen       total 65536K, used 16K [0x00000000e7000000, 0x00000000eb000000, 0x00000000f7b00000)
  object space 65536K, 0% used [0x00000000e7000000,0x00000000e7004000,0x00000000eb000000)
 Metaspace       used 4973K, capacity 5216K, committed 5504K, reserved 1056768K
  class space    used 562K, capacity 596K, committed 640K, reserved 1048576K
}
Event: 16.652 GC heap before
{Heap before GC invocations=3 (full 0):
 PSYoungGen      total 28672K, used 27552K [0x00000000f7b00000, 0x00000000f9b00000, 0x0000000100000000)
  eden space 24576K, 100% used [0x00000000f7b00000,0x00000000f9300000,0x00000000f9300000)
  from space 4096K, 72% used [0x00000000f9700000,0x00000000f99e83b8,0x00000000f9b00000)
  to   space 4096K, 0% used [0x00000000f9300000,0x00000000f9300000,0x00000000f9700000)
 ParOldGen       total 65536K, used 16K [0x00000000e7000000, 0x00000000eb000000, 0x00000000f7b00000)
  object space 65536K, 0% used [0x00000000e7000000,0x00000000e7004000,0x00000000eb000000)
 Metaspace       used 6905K, capacity 7042K, committed 7296K, reserved 1056768K
  class space    used 755K, capacity 791K, committed 896K, reserved 1048576K
Event: 16.654 GC heap after
Heap after GC invocations=3 (full 0):
 PSYoungGen      total 28672K, used 2135K [0x00000000f7b00000, 0x00000000f9b00000, 0x0000000100000000)
  eden space 24576K, 0% used [0x00000000f7b00000,0x00000000f7b00000,0x00000000f9300000)
  from space 4096K, 52% used [0x00000000f9300000,0x00000000f9515c98,0x00000000f9700000)
  to   space 4096K, 0% used [0x00000000f9700000,0x00000000f9700000,0x00000000f9b00000)
 ParOldGen       total 65536K, used 96K [0x00000000e7000000, 0x00000000eb000000, 0x00000000f7b00000)
  object space 65536K, 0% used [0x00000000e7000000,0x00000000e7018010,0x00000000eb000000)
 Metaspace       used 6905K, capacity 7042K, committed 7296K, reserved 1056768K
  class space    used 755K, capacity 791K, committed 896K, reserved 1048576K
}
Event: 16.776 GC heap before
{Heap before GC invocations=4 (full 0):
 PSYoungGen      total 28672K, used 26711K [0x00000000f7b00000, 0x00000000f9b00000, 0x0000000100000000)
  eden space 24576K, 100% used [0x00000000f7b00000,0x00000000f9300000,0x00000000f9300000)
  from space 4096K, 52% used [0x00000000f9300000,0x00000000f9515c98,0x00000000f9700000)
  to   space 4096K, 0% used [0x00000000f9700000,0x00000000f9700000,0x00000000f9b00000)
 ParOldGen       total 65536K, used 96K [0x00000000e7000000, 0x00000000eb000000, 0x00000000f7b00000)
  object space 65536K, 0% used [0x00000000e7000000,0x00000000e7018010,0x00000000eb000000)
 Metaspace       used 6909K, capacity 7106K, committed 7296K, reserved 1056768K
  class space    used 755K, capacity 791K, committed 896K, reserved 1048576K
Event: 16.778 GC heap after
Heap after GC invocations=4 (full 0):
 PSYoungGen      total 28672K, used 1943K [0x00000000f7b00000, 0x00000000f9b00000, 0x0000000100000000)
  eden space 24576K, 0% used [0x00000000f7b00000,0x00000000f7b00000,0x00000000f9300000)
  from space 4096K, 47% used [0x00000000f9700000,0x00000000f98e5c98,0x00000000f9b00000)
  to   space 4096K, 0% used [0x00000000f9300000,0x00000000f9300000,0x00000000f9700000)
 ParOldGen       total 65536K, used 104K [0x00000000e7000000, 0x00000000eb000000, 0x00000000f7b00000)
  object space 65536K, 0% used [0x00000000e7000000,0x00000000e701a010,0x00000000eb000000)
 Metaspace       used 6909K, capacity 7106K, committed 7296K, reserved 1056768K
  class space    used 755K, capacity 791K, committed 896K, reserved 1048576K
}

Deoptimization events (4 events):
Event: 1.009 Thread 0x000000000528e800 Uncommon trap: reason=unstable_if action=reinterpret pc=0x0000000005dfef08 method=java.lang.String.startsWith(Ljava/lang/String;I)Z @ 25
Event: 16.046 Thread 0x000000000528e800 Uncommon trap: reason=unstable_if action=reinterpret pc=0x0000000005f323e0 method=java.net.URLStreamHandler.toExternalForm(Ljava/net/URL;)Ljava/lang/String; @ 14
Event: 16.256 Thread 0x000000000528e800 Uncommon trap: reason=unstable_if action=reinterpret pc=0x0000000005fbaab4 method=com.sun.org.apache.xerces.internal.impl.XMLEntityScanner.checkBeforeLoad(Lcom/sun/xml/internal/stream/Entity$ScannedEntity;II)I @ 18
Event: 16.379 Thread 0x000000000528e800 Uncommon trap: reason=unstable_if action=reinterpret pc=0x0000000005ffaa54 method=com.sun.org.apache.xerces.internal.impl.XMLEntityScanner.skipSpaces()Z @ 85

Classes redefined (0 events):
No events

Internal exceptions (10 events):
Event: 0.372 Thread 0x000000000528e800 Exception <a 'java/lang/ClassNotFoundException': org/apache/log4j/PatternLayoutCustomizer> (0x00000000f7e37c20) thrown at [C:\re\workspace\8-2-build-windows-amd64-cygwin\jdk8u161\10277\hotspot\src\share\vm\classfile\systemDictionary.cpp, line 210]
Event: 0.373 Thread 0x000000000528e800 Exception <a 'java/lang/ClassNotFoundException': simphony/util/messages/MessageCenterLayoutCustomizer> (0x00000000f7e44a00) thrown at [C:\re\workspace\8-2-build-windows-amd64-cygwin\jdk8u161\10277\hotspot\src\share\vm\classfile\systemDictionary.cpp, line 
Event: 0.422 Thread 0x000000000528e800 Exception <a 'java/lang/ClassNotFoundException': org/apache/log4j/RollingFileAppenderBeanInfo> (0x00000000f7edb1c8) thrown at [C:\re\workspace\8-2-build-windows-amd64-cygwin\jdk8u161\10277\hotspot\src\share\vm\classfile\systemDictionary.cpp, line 210]
Event: 0.423 Thread 0x000000000528e800 Exception <a 'java/lang/ClassNotFoundException': org/apache/log4j/FileAppenderBeanInfo> (0x00000000f7ee13b0) thrown at [C:\re\workspace\8-2-build-windows-amd64-cygwin\jdk8u161\10277\hotspot\src\share\vm\classfile\systemDictionary.cpp, line 210]
Event: 0.424 Thread 0x000000000528e800 Exception <a 'java/lang/ClassNotFoundException': org/apache/log4j/WriterAppenderBeanInfo> (0x00000000f7ee7920) thrown at [C:\re\workspace\8-2-build-windows-amd64-cygwin\jdk8u161\10277\hotspot\src\share\vm\classfile\systemDictionary.cpp, line 210]
Event: 0.424 Thread 0x000000000528e800 Exception <a 'java/lang/ClassNotFoundException': org/apache/log4j/AppenderSkeletonBeanInfo> (0x00000000f7eee040) thrown at [C:\re\workspace\8-2-build-windows-amd64-cygwin\jdk8u161\10277\hotspot\src\share\vm\classfile\systemDictionary.cpp, line 210]
Event: 0.424 Thread 0x000000000528e800 Exception <a 'java/lang/ClassNotFoundException': org/apache/log4j/AppenderSkeletonCustomizer> (0x00000000f7ef4c90) thrown at [C:\re\workspace\8-2-build-windows-amd64-cygwin\jdk8u161\10277\hotspot\src\share\vm\classfile\systemDictionary.cpp, line 210]
Event: 0.430 Thread 0x000000000528e800 Exception <a 'java/lang/ClassNotFoundException': org/apache/log4j/WriterAppenderCustomizer> (0x00000000f7f0fdd0) thrown at [C:\re\workspace\8-2-build-windows-amd64-cygwin\jdk8u161\10277\hotspot\src\share\vm\classfile\systemDictionary.cpp, line 210]
Event: 0.432 Thread 0x000000000528e800 Exception <a 'java/lang/ClassNotFoundException': org/apache/log4j/FileAppenderCustomizer> (0x00000000f7f22cd8) thrown at [C:\re\workspace\8-2-build-windows-amd64-cygwin\jdk8u161\10277\hotspot\src\share\vm\classfile\systemDictionary.cpp, line 210]
Event: 0.434 Thread 0x000000000528e800 Exception <a 'java/lang/ClassNotFoundException': org/apache/log4j/RollingFileAppenderCustomizer> (0x00000000f7f35bc0) thrown at [C:\re\workspace\8-2-build-windows-amd64-cygwin\jdk8u161\10277\hotspot\src\share\vm\classfile\systemDictionary.cpp, line 210]

Events (10 events):
Event: 16.655 Executing VM operation: RevokeBias
Event: 16.655 Executing VM operation: RevokeBias done
Event: 16.655 Executing VM operation: RevokeBias
Event: 16.656 Executing VM operation: RevokeBias done
Event: 16.656 Executing VM operation: RevokeBias
Event: 16.656 Executing VM operation: RevokeBias done
Event: 16.656 Executing VM operation: BulkRevokeBias
Event: 16.656 Executing VM operation: BulkRevokeBias done
Event: 16.776 Executing VM operation: ParallelGCFailedAllocation
Event: 16.778 Executing VM operation: ParallelGCFailedAllocation done


Dynamic libraries:
0x00007ff775270000 - 0x00007ff7752a7000 	C:\Program Files\Java\jre1.8.0_161\bin\javaw.exe
0x00007ffe39cf0000 - 0x00007ffe39ed0000 	C:\WINDOWS\SYSTEM32\ntdll.dll
0x00007ffe38ff0000 - 0x00007ffe3909e000 	C:\WINDOWS\System32\KERNEL32.DLL
0x00007ffe36510000 - 0x00007ffe36776000 	C:\WINDOWS\System32\KERNELBASE.dll
0x00007ffe38cd0000 - 0x00007ffe38d71000 	C:\WINDOWS\System32\ADVAPI32.dll
0x00007ffe390b0000 - 0x00007ffe3914d000 	C:\WINDOWS\System32\msvcrt.dll
0x00007ffe38bd0000 - 0x00007ffe38c2b000 	C:\WINDOWS\System32\sechost.dll
0x00007ffe39b40000 - 0x00007ffe39c5f000 	C:\WINDOWS\System32\RPCRT4.dll
0x00007ffe39960000 - 0x00007ffe39aef000 	C:\WINDOWS\System32\USER32.dll
0x00007ffe36170000 - 0x00007ffe36190000 	C:\WINDOWS\System32\win32u.dll
0x00007ffe391d0000 - 0x00007ffe391f8000 	C:\WINDOWS\System32\GDI32.dll
0x00007ffe37020000 - 0x00007ffe371b3000 	C:\WINDOWS\System32\gdi32full.dll
0x00007ffe36f20000 - 0x00007ffe36fbb000 	C:\WINDOWS\System32\msvcp_win.dll
0x00007ffe36190000 - 0x00007ffe36286000 	C:\WINDOWS\System32\ucrtbase.dll
0x00007ffe29700000 - 0x00007ffe29969000 	C:\WINDOWS\WinSxS\amd64_microsoft.windows.common-controls_6595b64144ccf1df_6.0.16299.431_none_15c7d3ee93659e73\COMCTL32.dll
0x00007ffe39650000 - 0x00007ffe39958000 	C:\WINDOWS\System32\combase.dll
0x00007ffe360f0000 - 0x00007ffe36162000 	C:\WINDOWS\System32\bcryptPrimitives.dll
0x00007ffe39af0000 - 0x00007ffe39b1d000 	C:\WINDOWS\System32\IMM32.DLL
0x0000000061d40000 - 0x0000000061e12000 	C:\Program Files\Java\jre1.8.0_161\bin\msvcr100.dll
0x00000000621b0000 - 0x0000000062a4f000 	C:\Program Files\Java\jre1.8.0_161\bin\server\jvm.dll
0x00007ffe37470000 - 0x00007ffe37478000 	C:\WINDOWS\System32\PSAPI.DLL
0x00007ffe32040000 - 0x00007ffe32063000 	C:\WINDOWS\SYSTEM32\WINMM.dll
0x00007ffe30570000 - 0x00007ffe3057a000 	C:\WINDOWS\SYSTEM32\VERSION.dll
0x00007ffe31fe0000 - 0x00007ffe3200a000 	C:\WINDOWS\SYSTEM32\winmmbase.dll
0x00007ffe34ce0000 - 0x00007ffe34ce9000 	C:\WINDOWS\SYSTEM32\WSOCK32.dll
0x00007ffe36ed0000 - 0x00007ffe36f1a000 	C:\WINDOWS\System32\cfgmgr32.dll
0x00007ffe38b00000 - 0x00007ffe38b6c000 	C:\WINDOWS\System32\WS2_32.dll
0x0000000062ff0000 - 0x0000000062fff000 	C:\Program Files\Java\jre1.8.0_161\bin\verify.dll
0x0000000062f50000 - 0x0000000062f79000 	C:\Program Files\Java\jre1.8.0_161\bin\java.dll
0x0000000062fd0000 - 0x0000000062fe6000 	C:\Program Files\Java\jre1.8.0_161\bin\zip.dll
0x00007ffe375f0000 - 0x00007ffe38a28000 	C:\WINDOWS\System32\SHELL32.dll
0x00007ffe37220000 - 0x00007ffe372c6000 	C:\WINDOWS\System32\shcore.dll
0x00007ffe36780000 - 0x00007ffe36ec7000 	C:\WINDOWS\System32\windows.storage.dll
0x00007ffe39c60000 - 0x00007ffe39cb1000 	C:\WINDOWS\System32\shlwapi.dll
0x00007ffe360d0000 - 0x00007ffe360e1000 	C:\WINDOWS\System32\kernel.appcore.dll
0x00007ffe36080000 - 0x00007ffe360cc000 	C:\WINDOWS\System32\powrprof.dll
0x00007ffe36040000 - 0x00007ffe3605b000 	C:\WINDOWS\System32\profapi.dll

VM Arguments:
jvm_args: -Xss10M -Xmx400M -Dfile.encoding=Cp1252 
java_command: repast.simphony.runtime.RepastMain C:\Users\titro\eclipse-workspace\BuSyma/BuSyma.rs
java_class_path (initial): C:\Program Files\Java\jre1.8.0_161\lib\resources.jar;C:\Program Files\Java\jre1.8.0_161\lib\rt.jar;C:\Program Files\Java\jre1.8.0_161\lib\jsse.jar;C:\Program Files\Java\jre1.8.0_161\lib\jce.jar;C:\Program Files\Java\jre1.8.0_161\lib\charsets.jar;C:\Program Files\Java\jre1.8.0_161\lib\jfr.jar;C:\RepastSimphony-2.5\eclipse\plugins\org.codehaus.groovy_2.5.0.xx-201710180153-e47\lib\groovy-all-2.5.0-indy.jar;C:\RepastSimphony-2.5\eclipse\plugins\org.codehaus.groovy_2.5.0.xx-201710180153-e47\lib\ivy-2.4.0.jar;C:\RepastSimphony-2.5\eclipse\plugins\repast.simphony.runtime_2.5.0\bin;C:\RepastSimphony-2.5\eclipse\plugins\repast.simphony.runtime_2.5.0\lib\saf.core.runtime.jar;C:\RepastSimphony-2.5\eclipse\plugins\repast.simphony.runtime_2.5.0\lib\commons-logging-1.1.2.jar;C:\RepastSimphony-2.5\eclipse\plugins\repast.simphony.runtime_2.5.0\lib\javassist-3.17.1-GA.jar;C:\RepastSimphony-2.5\eclipse\plugins\repast.simphony.runtime_2.5.0\lib\jpf.jar;C:\RepastSimphony-2.5\eclipse\plugins\repast.simphony.runtime_2.5.0\lib\jpf-boot.jar;C:\RepastSimphony-2.5\eclipse\plugins\repast.simphony.runtime_2.5.0\lib\log4j-1.2.16.jar;C:\RepastSimphony-2.5\eclipse\plugins\repast.simphony.runtime_2.5.0\lib\xpp3_min-1.1.4c.jar;C:\RepastSimphony-2.5\eclipse\plugins\repast.simphony.runtime_2.5.0\lib\xstream-1.4.7.jar;C:\RepastSimphony-2.5\eclipse\plugins\repast.simphony.runtime_2.5.0\lib\xmlpull-1.1.3.1.jar;C:\RepastSimphony-2.5\eclipse\plugins\repast.simphony.runtime_2.5.0\lib\commons-cli-1.2.jar
Launcher Type: SUN_STANDARD

Environment Variables:
JAVA_HOME=C:\Program Files\Java\jdk1.8.0_161
PATH=C:/Program Files/Java/jre1.8.0_161/bin/server;C:/Program Files/Java/jre1.8.0_161/bin;C:/Program Files/Java/jre1.8.0_161/lib/amd64;C:\ProgramData\Oracle\Java\javapath;C:\WINDOWS\system32;C:\WINDOWS;C:\WINDOWS\System32\Wbem;C:\WINDOWS\System32\WindowsPowerShell\v1.0\;C:\Program Files (x86)\NVIDIA Corporation\PhysX\Common;C:\Program Files (x86)\sbt\bin;C:\Program Files\Java\jdk1.8.0_161\bin;C:\Program Files\Java\jre1.8.0_161\bin;C:\Program Files (x86)\sbt\bin;C:\Program Files\MongoDB\Server\3.6\bin;C:\Program Files (x86)\scala\bin;C:\Program Files (x86)\scala\bin;C:\Users\titro\AppData\Local\GitHubDesktop\bin;C:\Hadoop\bin;;C:\RepastSimphony-2.5;
USERNAME=titro
OS=Windows_NT
PROCESSOR_IDENTIFIER=Intel64 Family 6 Model 78 Stepping 3, GenuineIntel



---------------  S Y S T E M  ---------------

OS: Windows 10.0 , 64 bit Build 16299 (10.0.16299.431)

CPU:total 4 (initial active 4) (2 cores per cpu, 2 threads per core) family 6 model 78 stepping 3, cmov, cx8, fxsr, mmx, sse, sse2, sse3, ssse3, sse4.1, sse4.2, popcnt, avx, avx2, aes, clmul, erms, 3dnowpref, lzcnt, ht, tsc, tscinvbit, bmi1, bmi2, adx

Memory: 4k page, physical 6187900k(1584844k free), swap 25062268k(5144k free)

vm_info: Java HotSpot(TM) 64-Bit Server VM (25.161-b12) for windows-amd64 JRE (1.8.0_161-b12), built on Dec 19 2017 17:52:25 by "java_re" with MS VC++ 10.0 (VS2010)

time: Tue May 29 23:35:34 2018
elapsed time: 16 seconds (0d 0h 0m 16s)

