#
# A fatal error has been detected by the Java Runtime Environment:
#
#  EXCEPTION_ACCESS_VIOLATION (0xc0000005) at pc=0x00000000058f3e6f, pid=8264, tid=0x0000000000003a34
#
# JRE version: Java(TM) SE Runtime Environment (8.0_161-b12) (build 1.8.0_161-b12)
# Java VM: Java HotSpot(TM) 64-Bit Server VM (25.161-b12 mixed mode windows-amd64 compressed oops)
# Problematic frame:
# J 3077 C2 sun.awt.SunToolkit.targetToAppContext(Ljava/lang/Object;)Lsun/awt/AppContext; (30 bytes) @ 0x00000000058f3e6f [0x00000000058f3e60+0xf]
#
# Failed to write core dump. Minidumps are not enabled by default on client versions of Windows
#
# If you would like to submit a bug report, please visit:
#   http://bugreport.java.com/bugreport/crash.jsp
#

---------------  T H R E A D  ---------------

Current thread (0x00000000204b1000):  JavaThread "AWT-EventQueue-0" [_thread_in_Java, id=14900, stack(0x0000000022e60000,0x0000000023860000)]

siginfo: ExceptionCode=0xc0000005, reading address 0x0000000020000757

Registers:
RAX=0x0000000015c56b30, RBX=0x0000000015c56b30, RCX=0x0000000025565ac0, RDX=0x000000002000074f
RSP=0x00000000238595e0, RBP=0x0000000023859698, RSI=0x00000000e770b8b8, RDI=0x0000002bec854f11
R8 =0x000000002000074f, R9 =0x00000000e726a770, R10=0x00000000720a1240, R11=0x00000000058f3e60
R12=0x0000000000000000, R13=0x0000000023859650, R14=0x00000000238596a8, R15=0x00000000204b1000
RIP=0x00000000058f3e6f, EFLAGS=0x0000000000010202

Top of Stack: (sp=0x00000000238595e0)
0x00000000238595e0:   00000000e71a6a50 00000000e71a6a50
0x00000000238595f0:   00000000e71a6a50 00000000e726a770
0x0000000023859600:   0000000000000000 00000000e726a770
0x0000000023859610:   0000000000000019 00000000058730bc
0x0000000023859620:   00000000238596f0 00000000058730bc
0x0000000023859630:   0000000023859698 0000000004f980e0
0x0000000023859640:   000000002488b5c8 0000000004f980e0
0x0000000023859650:   000000002000074f 0000000023859658
0x0000000023859660:   0000000024a2066d 00000000238596a8
0x0000000023859670:   0000000025565ac0 000000002558dde8
0x0000000023859680:   0000000024a20680 0000000023859650
0x0000000023859690:   00000000238596a8 00000000238596f0
0x00000000238596a0:   0000000004f980e0 00000000fdeaf1a8
0x00000000238596b0:   00000000238596b0 000000001c62d390
0x00000000238596c0:   0000000023859740 000000001c62e288
0x00000000238596d0:   0000000000000000 000000001c62d4d0 

Instructions: (pc=0x00000000058f3e6f)
0x00000000058f3e4f:   64 be 64 18 64 10 64 11 00 00 64 0f 64 00 00 00
0x00000000058f3e5f:   00 89 84 24 00 a0 ff ff 55 48 83 ec 50 4c 8b c2
0x00000000058f3e6f:   44 8b 52 08 49 c1 e2 03 4d 8b 52 30 49 bb e0 81
0x00000000058f3e7f:   0c 00 01 00 00 00 4d 3b d3 75 3d 49 ba 60 1f 22 


Register to memory mapping:

RAX={method} {0x0000000015c56b38} 'targetToAppContext' '(Ljava/lang/Object;)Lsun/awt/AppContext;' in 'sun/awt/SunToolkit'
RBX={method} {0x0000000015c56b38} 'targetToAppContext' '(Ljava/lang/Object;)Lsun/awt/AppContext;' in 'sun/awt/SunToolkit'
RCX=0x0000000025565ac0 is pointing into metadata
RDX=0x000000002000074f is an unknown value
RSP=0x00000000238595e0 is pointing into the stack for thread: 0x00000000204b1000
RBP=0x0000000023859698 is pointing into the stack for thread: 0x00000000204b1000
RSI=0x00000000e770b8b8 is an oop
javax.swing.JPanel 
 - klass: 'javax/swing/JPanel'
RDI=0x0000002bec854f11 is an unknown value
R8 =0x000000002000074f is an unknown value
R9 =0x00000000e726a770 is an oop
java.lang.Class 
 - klass: 'java/lang/Class'
R10=0x00000000720a1240 is an unknown value
R11=0x00000000058f3e60 is at entry_point+0 in (nmethod*)0x00000000058f3d10
R12=0x0000000000000000 is an unknown value
R13=0x0000000023859650 is pointing into the stack for thread: 0x00000000204b1000
R14=0x00000000238596a8 is pointing into the stack for thread: 0x00000000204b1000
R15=0x00000000204b1000 is a thread


Stack: [0x0000000022e60000,0x0000000023860000],  sp=0x00000000238595e0,  free space=10213k
Native frames: (J=compiled Java code, j=interpreted, Vv=VM code, C=native code)
C  0x00000000058f3e6f


---------------  P R O C E S S  ---------------

Java Threads: ( => current thread )
  0x000000001ae6a000 JavaThread "Image Fetcher 0" daemon [_thread_blocked, id=17376, stack(0x000000002c1e0000,0x000000002cbe0000)]
  0x000000001ae64000 JavaThread "Thread-7" [_thread_blocked, id=13724, stack(0x000000002fde0000,0x00000000307e0000)]
  0x000000001ae67000 JavaThread "AWT-EventQueue-0-SharedResourceRunner" daemon [_thread_blocked, id=5700, stack(0x00000000271e0000,0x0000000027be0000)]
  0x000000000458e800 JavaThread "DestroyJavaVM" [_thread_blocked, id=10736, stack(0x0000000004590000,0x0000000004f90000)]
  0x000000001c2ef800 JavaThread "TimerQueue" daemon [_thread_blocked, id=9792, stack(0x0000000023860000,0x0000000024260000)]
=>0x00000000204b1000 JavaThread "AWT-EventQueue-0" [_thread_in_Java, id=14900, stack(0x0000000022e60000,0x0000000023860000)]
  0x000000001b96c800 JavaThread "AWT-Windows" daemon [_thread_in_native, id=3700, stack(0x000000001dae0000,0x000000001e4e0000)]
  0x000000001b96b800 JavaThread "AWT-Shutdown" [_thread_blocked, id=10172, stack(0x000000001d0e0000,0x000000001dae0000)]
  0x000000001bb7f000 JavaThread "Java2D Disposer" daemon [_thread_blocked, id=6764, stack(0x000000001c6e0000,0x000000001d0e0000)]
  0x0000000019cd9800 JavaThread "Service Thread" daemon [_thread_blocked, id=9876, stack(0x000000001a0b0000,0x000000001aab0000)]
  0x0000000015e53800 JavaThread "C1 CompilerThread2" daemon [_thread_blocked, id=1448, stack(0x0000000019bb0000,0x0000000019cb0000)]
  0x0000000015e43800 JavaThread "C2 CompilerThread1" daemon [_thread_blocked, id=11884, stack(0x0000000019ab0000,0x0000000019bb0000)]
  0x0000000015e3e800 JavaThread "C2 CompilerThread0" daemon [_thread_blocked, id=2752, stack(0x00000000199b0000,0x0000000019ab0000)]
  0x0000000015e3d800 JavaThread "Attach Listener" daemon [_thread_blocked, id=11896, stack(0x0000000018fb0000,0x00000000199b0000)]
  0x0000000015e3c800 JavaThread "Signal Dispatcher" daemon [_thread_blocked, id=15956, stack(0x00000000185b0000,0x0000000018fb0000)]
  0x0000000015e2a800 JavaThread "Finalizer" daemon [_thread_blocked, id=4728, stack(0x0000000017990000,0x0000000018390000)]
  0x0000000015e09800 JavaThread "Reference Handler" daemon [_thread_blocked, id=3908, stack(0x0000000016f90000,0x0000000017990000)]

Other Threads:
  0x0000000015e08800 VMThread [stack: 0x0000000016e90000,0x0000000016f90000] [id=4580]
  0x0000000019cfa800 WatcherThread [stack: 0x000000001ac10000,0x000000001ad10000] [id=3500]

VM state:not at safepoint (normal execution)

VM Mutex/Monitor currently owned by a thread: None

Heap:
 PSYoungGen      total 120832K, used 103142K [0x00000000f7b00000, 0x00000000fff00000, 0x0000000100000000)
  eden space 107520K, 95% used [0x00000000f7b00000,0x00000000fdf69b00,0x00000000fe400000)
  from space 13312K, 2% used [0x00000000fe400000,0x00000000fe450000,0x00000000ff100000)
  to   space 12800K, 0% used [0x00000000ff280000,0x00000000ff280000,0x00000000fff00000)
 ParOldGen       total 88064K, used 29268K [0x00000000e7000000, 0x00000000ec600000, 0x00000000f7b00000)
  object space 88064K, 33% used [0x00000000e7000000,0x00000000e8c95108,0x00000000ec600000)
 Metaspace       used 39198K, capacity 39527K, committed 39808K, reserved 1083392K
  class space    used 5099K, capacity 5189K, committed 5248K, reserved 1048576K

Card table byte_map: [0x0000000004390000,0x0000000004460000] byte_map_base: 0x0000000003c58000

Marking Bits: (ParMarkBitMap*) 0x00000000720bf860
 Begin Bits: [0x0000000014750000, 0x0000000014d90000)
 End Bits:   [0x0000000014d90000, 0x00000000153d0000)

Polling page: 0x00000000001f0000

CodeCache: size=245760Kb used=11328Kb max_used=11333Kb free=234432Kb
 bounds [0x0000000004f90000, 0x0000000005ac0000, 0x0000000013f90000]
 total_blobs=4469 nmethods=3466 adapters=914
 compilation: enabled

Compilation events (10 events):
Event: 398.525 Thread 0x0000000015e53800 4045       3       java.util.concurrent.locks.LockSupport::park (23 bytes)
Event: 398.525 Thread 0x0000000015e53800 nmethod 4045 0x0000000005aabcd0 code [0x0000000005aabe40, 0x0000000005aac188]
Event: 398.525 Thread 0x0000000015e53800 4043       3       sun.awt.GlobalCursorManager::updateCursorLater (23 bytes)
Event: 398.525 Thread 0x0000000015e53800 nmethod 4043 0x0000000005aaf650 code [0x0000000005aaf820, 0x0000000005aafed8]
Event: 398.525 Thread 0x0000000015e53800 4044       3       java.awt.event.InputEvent::consume (6 bytes)
Event: 398.525 Thread 0x0000000015e53800 nmethod 4044 0x0000000005aab950 code [0x0000000005aabaa0, 0x0000000005aabbf0]
Event: 398.531 Thread 0x0000000015e43800 4046       4       java.security.AccessControlContext::combine (205 bytes)
Event: 398.538 Thread 0x0000000015e43800 nmethod 4046 0x0000000005aaec90 code [0x0000000005aaede0, 0x0000000005aaf3d8]
Event: 398.546 Thread 0x0000000015e53800 4047       3       java.util.concurrent.locks.AbstractQueuedSynchronizer$ConditionObject::await (98 bytes)
Event: 398.547 Thread 0x0000000015e53800 nmethod 4047 0x0000000005ab1810 code [0x0000000005ab1ac0, 0x0000000005ab2ca8]

GC Heap History (10 events):
Event: 18.695 GC heap before
{Heap before GC invocations=27 (full 2):
 PSYoungGen      total 118784K, used 105510K [0x00000000f7b00000, 0x00000000fff00000, 0x0000000100000000)
  eden space 103424K, 100% used [0x00000000f7b00000,0x00000000fe000000,0x00000000fe000000)
  from space 15360K, 13% used [0x00000000ff000000,0x00000000ff209970,0x00000000fff00000)
  to   space 15872K, 0% used [0x00000000fe000000,0x00000000fe000000,0x00000000fef80000)
 ParOldGen       total 88064K, used 23645K [0x00000000e7000000, 0x00000000ec600000, 0x00000000f7b00000)
  object space 88064K, 26% used [0x00000000e7000000,0x00000000e87175f8,0x00000000ec600000)
 Metaspace       used 36424K, capacity 36699K, committed 36992K, reserved 1081344K
  class space    used 4783K, capacity 4867K, committed 4992K, reserved 1048576K
Event: 18.697 GC heap after
Heap after GC invocations=27 (full 2):
 PSYoungGen      total 119296K, used 1329K [0x00000000f7b00000, 0x00000000fff80000, 0x0000000100000000)
  eden space 103424K, 0% used [0x00000000f7b00000,0x00000000f7b00000,0x00000000fe000000)
  from space 15872K, 8% used [0x00000000fe000000,0x00000000fe14c6d8,0x00000000fef80000)
  to   space 15360K, 0% used [0x00000000ff080000,0x00000000ff080000,0x00000000fff80000)
 ParOldGen       total 88064K, used 23877K [0x00000000e7000000, 0x00000000ec600000, 0x00000000f7b00000)
  object space 88064K, 27% used [0x00000000e7000000,0x00000000e87515f8,0x00000000ec600000)
 Metaspace       used 36424K, capacity 36699K, committed 36992K, reserved 1081344K
  class space    used 4783K, capacity 4867K, committed 4992K, reserved 1048576K
}
Event: 19.206 GC heap before
{Heap before GC invocations=28 (full 2):
 PSYoungGen      total 119296K, used 104753K [0x00000000f7b00000, 0x00000000fff80000, 0x0000000100000000)
  eden space 103424K, 100% used [0x00000000f7b00000,0x00000000fe000000,0x00000000fe000000)
  from space 15872K, 8% used [0x00000000fe000000,0x00000000fe14c6d8,0x00000000fef80000)
  to   space 15360K, 0% used [0x00000000ff080000,0x00000000ff080000,0x00000000fff80000)
 ParOldGen       total 88064K, used 23877K [0x00000000e7000000, 0x00000000ec600000, 0x00000000f7b00000)
  object space 88064K, 27% used [0x00000000e7000000,0x00000000e87515f8,0x00000000ec600000)
 Metaspace       used 37019K, capacity 37281K, committed 37504K, reserved 1081344K
  class space    used 4838K, capacity 4932K, committed 4992K, reserved 1048576K
Event: 19.208 GC heap after
Heap after GC invocations=28 (full 2):
 PSYoungGen      total 119296K, used 2659K [0x00000000f7b00000, 0x00000000ffe80000, 0x0000000100000000)
  eden space 104960K, 0% used [0x00000000f7b00000,0x00000000f7b00000,0x00000000fe180000)
  from space 14336K, 18% used [0x00000000ff080000,0x00000000ff318e00,0x00000000ffe80000)
  to   space 14848K, 0% used [0x00000000fe180000,0x00000000fe180000,0x00000000ff000000)
 ParOldGen       total 88064K, used 23998K [0x00000000e7000000, 0x00000000ec600000, 0x00000000f7b00000)
  object space 88064K, 27% used [0x00000000e7000000,0x00000000e876fbd8,0x00000000ec600000)
 Metaspace       used 37019K, capacity 37281K, committed 37504K, reserved 1081344K
  class space    used 4838K, capacity 4932K, committed 4992K, reserved 1048576K
}
Event: 19.473 GC heap before
{Heap before GC invocations=29 (full 2):
 PSYoungGen      total 119296K, used 107619K [0x00000000f7b00000, 0x00000000ffe80000, 0x0000000100000000)
  eden space 104960K, 100% used [0x00000000f7b00000,0x00000000fe180000,0x00000000fe180000)
  from space 14336K, 18% used [0x00000000ff080000,0x00000000ff318e00,0x00000000ffe80000)
  to   space 14848K, 0% used [0x00000000fe180000,0x00000000fe180000,0x00000000ff000000)
 ParOldGen       total 88064K, used 23998K [0x00000000e7000000, 0x00000000ec600000, 0x00000000f7b00000)
  object space 88064K, 27% used [0x00000000e7000000,0x00000000e876fbd8,0x00000000ec600000)
 Metaspace       used 37524K, capacity 37857K, committed 38144K, reserved 1083392K
  class space    used 4912K, capacity 4996K, committed 5120K, reserved 1048576K
Event: 19.476 GC heap after
Heap after GC invocations=29 (full 2):
 PSYoungGen      total 119808K, used 2468K [0x00000000f7b00000, 0x00000000ffe80000, 0x0000000100000000)
  eden space 104960K, 0% used [0x00000000f7b00000,0x00000000f7b00000,0x00000000fe180000)
  from space 14848K, 16% used [0x00000000fe180000,0x00000000fe3e9210,0x00000000ff000000)
  to   space 13824K, 0% used [0x00000000ff100000,0x00000000ff100000,0x00000000ffe80000)
 ParOldGen       total 88064K, used 23998K [0x00000000e7000000, 0x00000000ec600000, 0x00000000f7b00000)
  object space 88064K, 27% used [0x00000000e7000000,0x00000000e876fbd8,0x00000000ec600000)
 Metaspace       used 37524K, capacity 37857K, committed 38144K, reserved 1083392K
  class space    used 4912K, capacity 4996K, committed 5120K, reserved 1048576K
}
Event: 19.889 GC heap before
{Heap before GC invocations=30 (full 2):
 PSYoungGen      total 119808K, used 107428K [0x00000000f7b00000, 0x00000000ffe80000, 0x0000000100000000)
  eden space 104960K, 100% used [0x00000000f7b00000,0x00000000fe180000,0x00000000fe180000)
  from space 14848K, 16% used [0x00000000fe180000,0x00000000fe3e9210,0x00000000ff000000)
  to   space 13824K, 0% used [0x00000000ff100000,0x00000000ff100000,0x00000000ffe80000)
 ParOldGen       total 88064K, used 23998K [0x00000000e7000000, 0x00000000ec600000, 0x00000000f7b00000)
  object space 88064K, 27% used [0x00000000e7000000,0x00000000e876fbd8,0x00000000ec600000)
 Metaspace       used 38769K, capacity 39105K, committed 39552K, reserved 1083392K
  class space    used 5057K, capacity 5156K, committed 5248K, reserved 1048576K
Event: 19.894 GC heap after
Heap after GC invocations=30 (full 2):
 PSYoungGen      total 120832K, used 4654K [0x00000000f7b00000, 0x00000000ffe00000, 0x0000000100000000)
  eden space 107520K, 0% used [0x00000000f7b00000,0x00000000f7b00000,0x00000000fe400000)
  from space 13312K, 34% used [0x00000000ff100000,0x00000000ff58b8f0,0x00000000ffe00000)
  to   space 13312K, 0% used [0x00000000fe400000,0x00000000fe400000,0x00000000ff100000)
 ParOldGen       total 88064K, used 25684K [0x00000000e7000000, 0x00000000ec600000, 0x00000000f7b00000)
  object space 88064K, 29% used [0x00000000e7000000,0x00000000e8915098,0x00000000ec600000)
 Metaspace       used 38769K, capacity 39105K, committed 39552K, reserved 1083392K
  class space    used 5057K, capacity 5156K, committed 5248K, reserved 1048576K
}
Event: 22.402 GC heap before
{Heap before GC invocations=31 (full 2):
 PSYoungGen      total 120832K, used 112174K [0x00000000f7b00000, 0x00000000ffe00000, 0x0000000100000000)
  eden space 107520K, 100% used [0x00000000f7b00000,0x00000000fe400000,0x00000000fe400000)
  from space 13312K, 34% used [0x00000000ff100000,0x00000000ff58b8f0,0x00000000ffe00000)
  to   space 13312K, 0% used [0x00000000fe400000,0x00000000fe400000,0x00000000ff100000)
 ParOldGen       total 88064K, used 25684K [0x00000000e7000000, 0x00000000ec600000, 0x00000000f7b00000)
  object space 88064K, 29% used [0x00000000e7000000,0x00000000e8915098,0x00000000ec600000)
 Metaspace       used 39081K, capacity 39393K, committed 39808K, reserved 1083392K
  class space    used 5095K, capacity 5188K, committed 5248K, reserved 1048576K
Event: 22.409 GC heap after
Heap after GC invocations=31 (full 2):
 PSYoungGen      total 120832K, used 320K [0x00000000f7b00000, 0x00000000fff00000, 0x0000000100000000)
  eden space 107520K, 0% used [0x00000000f7b00000,0x00000000f7b00000,0x00000000fe400000)
  from space 13312K, 2% used [0x00000000fe400000,0x00000000fe450000,0x00000000ff100000)
  to   space 12800K, 0% used [0x00000000ff280000,0x00000000ff280000,0x00000000fff00000)
 ParOldGen       total 88064K, used 29268K [0x00000000e7000000, 0x00000000ec600000, 0x00000000f7b00000)
  object space 88064K, 33% used [0x00000000e7000000,0x00000000e8c95108,0x00000000ec600000)
 Metaspace       used 39081K, capacity 39393K, committed 39808K, reserved 1083392K
  class space    used 5095K, capacity 5188K, committed 5248K, reserved 1048576K
}

Deoptimization events (10 events):
Event: 19.763 Thread 0x00000000204b1000 Uncommon trap: reason=unstable_if action=reinterpret pc=0x0000000005a0b0c8 method=java.awt.GradientPaintContext.clipFillRaster([IIIIIDDD)V @ 58
Event: 22.397 Thread 0x000000001ae64000 Uncommon trap: reason=unstable_if action=reinterpret pc=0x000000000558781c method=java.util.HashMap.getNode(ILjava/lang/Object;)Ljava/util/HashMap$Node; @ 62
Event: 22.397 Thread 0x000000001ae64000 Uncommon trap: reason=unstable_if action=reinterpret pc=0x00000000053d5868 method=java.util.HashMap.getNode(ILjava/lang/Object;)Ljava/util/HashMap$Node; @ 62
Event: 22.669 Thread 0x000000001ae64000 Uncommon trap: reason=unstable_if action=reinterpret pc=0x0000000005a480cc method=buSyma.DijkstraCreator.parcours(Lrepast/simphony/space/grid/GridPoint;Lrepast/simphony/space/grid/GridPoint;)Z @ 274
Event: 22.670 Thread 0x000000001ae64000 Uncommon trap: reason=unstable_if action=reinterpret pc=0x0000000005a3da8c method=java.io.BufferedOutputStream.flushBuffer()V @ 4
Event: 22.670 Thread 0x000000001ae64000 Uncommon trap: reason=unstable_if action=reinterpret pc=0x0000000005a24d08 method=java.io.BufferedOutputStream.write([BII)V @ 6
Event: 22.671 Thread 0x000000001ae64000 Uncommon trap: reason=unstable_if action=reinterpret pc=0x000000000553a734 method=java.util.HashMap.removeNode(ILjava/lang/Object;Ljava/lang/Object;ZZ)Ljava/util/HashMap$Node; @ 58
Event: 22.671 Thread 0x000000001ae64000 Uncommon trap: reason=unstable_if action=reinterpret pc=0x0000000005915ee0 method=repast.simphony.space.projection.DefaultProjection.fireProjectionEvent(Lrepast/simphony/space/projection/ProjectionEvent;)V @ 39
Event: 396.651 Thread 0x00000000204b1000 Uncommon trap: reason=unstable_if action=reinterpret pc=0x0000000005238640 method=java.io.ExpiringCache.entryFor(Ljava/lang/String;)Ljava/io/ExpiringCache$Entry; @ 39
Event: 396.651 Thread 0x00000000204b1000 Uncommon trap: reason=unstable_if action=reinterpret pc=0x000000000522c1e8 method=java.io.ExpiringCache.entryFor(Ljava/lang/String;)Ljava/io/ExpiringCache$Entry; @ 39

Classes redefined (0 events):
No events

Internal exceptions (10 events):
Event: 5.726 Thread 0x00000000204b1000 Exception <a 'java/lang/ClassNotFoundException': javax/swing/JComponentCustomizer> (0x00000000f8c0dbd0) thrown at [C:\re\workspace\8-2-build-windows-amd64-cygwin\jdk8u161\10277\hotspot\src\share\vm\classfile\systemDictionary.cpp, line 210]
Event: 5.730 Thread 0x00000000204b1000 Exception <a 'java/lang/ArrayIndexOutOfBoundsException'> (0x00000000f8c2c4a8) thrown at [C:\re\workspace\8-2-build-windows-amd64-cygwin\jdk8u161\10277\hotspot\src\share\vm\runtime\sharedRuntime.cpp, line 605]
Event: 5.731 Thread 0x00000000204b1000 Exception <a 'java/lang/ArrayIndexOutOfBoundsException'> (0x00000000f8c50fd0) thrown at [C:\re\workspace\8-2-build-windows-amd64-cygwin\jdk8u161\10277\hotspot\src\share\vm\runtime\sharedRuntime.cpp, line 605]
Event: 5.735 Thread 0x00000000204b1000 Exception <a 'java/lang/ClassNotFoundException': javax/swing/text/JTextComponentCustomizer> (0x00000000f8ca4f00) thrown at [C:\re\workspace\8-2-build-windows-amd64-cygwin\jdk8u161\10277\hotspot\src\share\vm\classfile\systemDictionary.cpp, line 210]
Event: 5.741 Thread 0x00000000204b1000 Exception <a 'java/lang/ClassNotFoundException': javax/swing/JTextFieldCustomizer> (0x00000000f8d0a788) thrown at [C:\re\workspace\8-2-build-windows-amd64-cygwin\jdk8u161\10277\hotspot\src\share\vm\classfile\systemDictionary.cpp, line 210]
Event: 5.744 Thread 0x00000000204b1000 Exception <a 'java/lang/ClassNotFoundException': javax/swing/JFormattedTextFieldCustomizer> (0x00000000f8d49558) thrown at [C:\re\workspace\8-2-build-windows-amd64-cygwin\jdk8u161\10277\hotspot\src\share\vm\classfile\systemDictionary.cpp, line 210]
Event: 8.321 Thread 0x00000000204b1000 Exception <a 'java/lang/ClassNotFoundException': repast/simphony/ui/parameters/ParameterValueModelBeanInfo> (0x00000000fceff730) thrown at [C:\re\workspace\8-2-build-windows-amd64-cygwin\jdk8u161\10277\hotspot\src\share\vm\classfile\systemDictionary.cpp, 
Event: 8.324 Thread 0x00000000204b1000 Exception <a 'java/lang/ClassNotFoundException': repast/simphony/ui/parameters/ParameterValueModelCustomizer> (0x00000000fd06d0b0) thrown at [C:\re\workspace\8-2-build-windows-amd64-cygwin\jdk8u161\10277\hotspot\src\share\vm\classfile\systemDictionary.cpp
Event: 19.160 Thread 0x00000000204b1000 Exception <a 'java/lang/InterruptedException'> (0x00000000f8c79140) thrown at [C:\re\workspace\8-2-build-windows-amd64-cygwin\jdk8u161\10277\hotspot\src\share\vm\runtime\objectMonitor.cpp, line 1684]
Event: 19.650 Thread 0x00000000204b1000 Exception <a 'java/lang/reflect/InvocationTargetException'> (0x00000000fac84408) thrown at [C:\re\workspace\8-2-build-windows-amd64-cygwin\jdk8u161\10277\hotspot\src\share\vm\runtime\reflection.cpp, line 1092]

Events (10 events):
Event: 398.152 Executing VM operation: RevokeBias
Event: 398.152 Executing VM operation: RevokeBias done
Event: 398.153 Executing VM operation: RevokeBias
Event: 398.153 Executing VM operation: RevokeBias done
Event: 398.154 Executing VM operation: RevokeBias
Event: 398.154 Executing VM operation: RevokeBias done
Event: 398.155 Executing VM operation: RevokeBias
Event: 398.155 Executing VM operation: RevokeBias done
Event: 398.156 Executing VM operation: RevokeBias
Event: 398.156 Executing VM operation: RevokeBias done


Dynamic libraries:
0x00007ff667df0000 - 0x00007ff667e27000 	C:\Program Files\Java\jre1.8.0_161\bin\javaw.exe
0x00007ff8cb060000 - 0x00007ff8cb240000 	C:\WINDOWS\SYSTEM32\ntdll.dll
0x00007ff8c9e40000 - 0x00007ff8c9eee000 	C:\WINDOWS\System32\KERNEL32.DLL
0x00007ff8c7f80000 - 0x00007ff8c81e6000 	C:\WINDOWS\System32\KERNELBASE.dll
0x00007ff8caf70000 - 0x00007ff8cb011000 	C:\WINDOWS\System32\ADVAPI32.dll
0x00007ff8ca180000 - 0x00007ff8ca21d000 	C:\WINDOWS\System32\msvcrt.dll
0x00007ff8c9b10000 - 0x00007ff8c9b6b000 	C:\WINDOWS\System32\sechost.dll
0x00007ff8c9ba0000 - 0x00007ff8c9cbf000 	C:\WINDOWS\System32\RPCRT4.dll
0x00007ff8caac0000 - 0x00007ff8cac4f000 	C:\WINDOWS\System32\USER32.dll
0x00007ff8c74e0000 - 0x00007ff8c7500000 	C:\WINDOWS\System32\win32u.dll
0x00007ff8c9b70000 - 0x00007ff8c9b98000 	C:\WINDOWS\System32\GDI32.dll
0x00007ff8c82f0000 - 0x00007ff8c8483000 	C:\WINDOWS\System32\gdi32full.dll
0x00007ff8c8490000 - 0x00007ff8c852b000 	C:\WINDOWS\System32\msvcp_win.dll
0x00007ff8c76d0000 - 0x00007ff8c77c6000 	C:\WINDOWS\System32\ucrtbase.dll
0x00007ff8bcda0000 - 0x00007ff8bd009000 	C:\WINDOWS\WinSxS\amd64_microsoft.windows.common-controls_6595b64144ccf1df_6.0.16299.431_none_15c7d3ee93659e73\COMCTL32.dll
0x00007ff8cac50000 - 0x00007ff8caf58000 	C:\WINDOWS\System32\combase.dll
0x00007ff8c7460000 - 0x00007ff8c74d2000 	C:\WINDOWS\System32\bcryptPrimitives.dll
0x00007ff8caa90000 - 0x00007ff8caabd000 	C:\WINDOWS\System32\IMM32.DLL
0x00000000717c0000 - 0x0000000071892000 	C:\Program Files\Java\jre1.8.0_161\bin\msvcr100.dll
0x00000000718a0000 - 0x000000007213f000 	C:\Program Files\Java\jre1.8.0_161\bin\server\jvm.dll
0x00007ff8caf60000 - 0x00007ff8caf68000 	C:\WINDOWS\System32\PSAPI.DLL
0x00007ff8c6700000 - 0x00007ff8c6709000 	C:\WINDOWS\SYSTEM32\WSOCK32.dll
0x00007ff8ba280000 - 0x00007ff8ba2a3000 	C:\WINDOWS\SYSTEM32\WINMM.dll
0x00007ff8c9d20000 - 0x00007ff8c9d8c000 	C:\WINDOWS\System32\WS2_32.dll
0x00007ff8c2400000 - 0x00007ff8c240a000 	C:\WINDOWS\SYSTEM32\VERSION.dll
0x00007ff8ba1b0000 - 0x00007ff8ba1da000 	C:\WINDOWS\SYSTEM32\WINMMBASE.dll
0x00007ff8c82a0000 - 0x00007ff8c82ea000 	C:\WINDOWS\System32\cfgmgr32.dll
0x00000000725f0000 - 0x00000000725ff000 	C:\Program Files\Java\jre1.8.0_161\bin\verify.dll
0x00000000725c0000 - 0x00000000725e9000 	C:\Program Files\Java\jre1.8.0_161\bin\java.dll
0x00000000725a0000 - 0x00000000725b6000 	C:\Program Files\Java\jre1.8.0_161\bin\zip.dll
0x00007ff8c86d0000 - 0x00007ff8c9b08000 	C:\WINDOWS\System32\SHELL32.dll
0x00007ff8c9d90000 - 0x00007ff8c9e36000 	C:\WINDOWS\System32\shcore.dll
0x00007ff8c7830000 - 0x00007ff8c7f77000 	C:\WINDOWS\System32\windows.storage.dll
0x00007ff8c9cc0000 - 0x00007ff8c9d11000 	C:\WINDOWS\System32\shlwapi.dll
0x00007ff8c7440000 - 0x00007ff8c7451000 	C:\WINDOWS\System32\kernel.appcore.dll
0x00007ff8c73f0000 - 0x00007ff8c743c000 	C:\WINDOWS\System32\powrprof.dll
0x00007ff8c73d0000 - 0x00007ff8c73eb000 	C:\WINDOWS\System32\profapi.dll
0x0000000071620000 - 0x00000000717b8000 	C:\Program Files\Java\jre1.8.0_161\bin\awt.dll
0x00007ff8ca370000 - 0x00007ff8ca435000 	C:\WINDOWS\System32\OLEAUT32.dll
0x00007ff8c4ca0000 - 0x00007ff8c4d28000 	C:\WINDOWS\SYSTEM32\apphelp.dll
0x00007ff8c4e20000 - 0x00007ff8c4eb5000 	C:\WINDOWS\system32\uxtheme.dll
0x00007ff8c9ef0000 - 0x00007ff8ca057000 	C:\WINDOWS\System32\MSCTF.dll
0x00007ff8c5890000 - 0x00007ff8c58ba000 	C:\WINDOWS\system32\dwmapi.dll
0x00007ff8ca220000 - 0x00007ff8ca369000 	C:\WINDOWS\System32\ole32.dll
0x00007ff8b6890000 - 0x00007ff8b69ae000 	C:\WINDOWS\system32\opengl32.dll
0x00007ff8c2480000 - 0x00007ff8c24ac000 	C:\WINDOWS\SYSTEM32\GLU32.dll
0x00000000724c0000 - 0x0000000072507000 	C:\Program Files\Java\jre1.8.0_161\bin\fontmanager.dll
0x0000000072580000 - 0x000000007259a000 	C:\Program Files\Java\jre1.8.0_161\bin\net.dll
0x00007ff8c6c40000 - 0x00007ff8c6ca6000 	C:\WINDOWS\system32\mswsock.dll
0x0000000072560000 - 0x0000000072571000 	C:\Program Files\Java\jre1.8.0_161\bin\nio.dll
0x00007ff8c6e10000 - 0x00007ff8c6e27000 	C:\WINDOWS\SYSTEM32\CRYPTSP.dll
0x00007ff8c6840000 - 0x00007ff8c6873000 	C:\WINDOWS\system32\rsaenh.dll
0x00007ff8c6f10000 - 0x00007ff8c6f35000 	C:\WINDOWS\SYSTEM32\bcrypt.dll
0x00007ff8c72e0000 - 0x00007ff8c7309000 	C:\WINDOWS\SYSTEM32\USERENV.dll
0x00007ff8c6e00000 - 0x00007ff8c6e0b000 	C:\WINDOWS\SYSTEM32\CRYPTBASE.dll
0x00007ff8c69d0000 - 0x00007ff8c6a09000 	C:\WINDOWS\SYSTEM32\IPHLPAPI.DLL
0x00007ff8cb020000 - 0x00007ff8cb028000 	C:\WINDOWS\System32\NSI.dll
0x00007ff8c0bb0000 - 0x00007ff8c0bc6000 	C:\WINDOWS\SYSTEM32\dhcpcsvc6.DLL
0x00007ff8c12f0000 - 0x00007ff8c130a000 	C:\WINDOWS\SYSTEM32\dhcpcsvc.DLL
0x00007ff8c2fb0000 - 0x00007ff8c3056000 	C:\WINDOWS\WinSxS\amd64_microsoft.windows.common-controls_6595b64144ccf1df_5.82.16299.431_none_887985224abb0026\comctl32.dll
0x00000000715d0000 - 0x0000000071612000 	C:\Program Files\Java\jre1.8.0_161\bin\t2k.dll
0x00007ff8ca0e0000 - 0x00007ff8ca17e000 	C:\WINDOWS\System32\clbcatq.dll
0x00007ff8b7e90000 - 0x00007ff8b803b000 	C:\WINDOWS\SYSTEM32\WindowsCodecs.dll
0x00007ff8b8ce0000 - 0x00007ff8b8d2f000 	C:\WINDOWS\system32\dataexchange.dll
0x00007ff8c4770000 - 0x00007ff8c48b2000 	C:\WINDOWS\system32\dcomp.dll
0x00007ff8c3da0000 - 0x00007ff8c4082000 	C:\WINDOWS\system32\d3d11.dll
0x00007ff8c6200000 - 0x00007ff8c62af000 	C:\WINDOWS\system32\dxgi.dll
0x00007ff8c5a10000 - 0x00007ff8c5b8b000 	C:\WINDOWS\system32\twinapi.appcore.dll
0x00007ff8c5980000 - 0x00007ff8c59a0000 	C:\WINDOWS\system32\RMCLIENT.dll
0x00007ff8c20d0000 - 0x00007ff8c2168000 	C:\WINDOWS\System32\TextInputFramework.dll
0x00007ff8c4650000 - 0x00007ff8c472c000 	C:\WINDOWS\System32\CoreMessaging.dll
0x00007ff8b7680000 - 0x00007ff8b796e000 	C:\WINDOWS\System32\CoreUIComponents.dll
0x00007ff8c32c0000 - 0x00007ff8c33f6000 	C:\WINDOWS\SYSTEM32\wintypes.dll
0x00007ff8c6630000 - 0x00007ff8c6661000 	C:\WINDOWS\SYSTEM32\ntmarta.dll
0x00000000637c0000 - 0x00000000637cd000 	C:\Users\titro\AppData\Local\Temp\jogamp_0000\file_cache\jln7069460253635703121\jln6649442241236404682\gluegen-rt.dll
0x00000000724b0000 - 0x00000000724b7000 	C:\Program Files\Java\jre1.8.0_161\bin\jawt.dll
0x000000006a440000 - 0x000000006a44d000 	C:\Users\titro\AppData\Local\Temp\jogamp_0000\file_cache\jln7069460253635703121\jln6649442241236404682\nativewindow_awt.dll
0x000000006c100000 - 0x000000006c10f000 	C:\Users\titro\AppData\Local\Temp\jogamp_0000\file_cache\jln7069460253635703121\jln6649442241236404682\nativewindow_win32.dll
0x0000000064500000 - 0x00000000645a2000 	C:\Users\titro\AppData\Local\Temp\jogamp_0000\file_cache\jln7069460253635703121\jln6649442241236404682\jogl_desktop.dll
0x00007ff87d690000 - 0x00007ff87e3da000 	C:\WINDOWS\System32\DriverStore\FileRepository\igdlh64.inf_amd64_463164d40c3d26ce\ig9icd64.dll
0x00007ff8c6040000 - 0x00007ff8c6053000 	C:\WINDOWS\SYSTEM32\WTSAPI32.dll
0x00007ff8b3280000 - 0x00007ff8b43dd000 	C:\WINDOWS\System32\DriverStore\FileRepository\igdlh64.inf_amd64_463164d40c3d26ce\igc64.dll
0x00007ff8b4450000 - 0x00007ff8b59cc000 	C:\WINDOWS\System32\DriverStore\FileRepository\igdlh64.inf_amd64_463164d40c3d26ce\igd10iumd64.dll
0x00007ff8c6ee0000 - 0x00007ff8c6f06000 	C:\WINDOWS\SYSTEM32\ncrypt.dll
0x00007ff8c6ea0000 - 0x00007ff8c6ed6000 	C:\WINDOWS\SYSTEM32\NTASN1.dll
0x00007ff8c5d40000 - 0x00007ff8c5f08000 	C:\WINDOWS\SYSTEM32\dbghelp.dll

VM Arguments:
jvm_args: -Xss10M -Xmx400M -Dfile.encoding=Cp1252 
java_command: repast.simphony.runtime.RepastMain C:\Users\titro\eclipse-workspace\BuSyma/BuSyma.rs
java_class_path (initial): C:\Program Files\Java\jre1.8.0_161\lib\resources.jar;C:\Program Files\Java\jre1.8.0_161\lib\rt.jar;C:\Program Files\Java\jre1.8.0_161\lib\jsse.jar;C:\Program Files\Java\jre1.8.0_161\lib\jce.jar;C:\Program Files\Java\jre1.8.0_161\lib\charsets.jar;C:\Program Files\Java\jre1.8.0_161\lib\jfr.jar;C:\RepastSimphony-2.5\eclipse\plugins\org.codehaus.groovy_2.5.0.xx-201710180153-e47\lib\groovy-all-2.5.0-indy.jar;C:\RepastSimphony-2.5\eclipse\plugins\org.codehaus.groovy_2.5.0.xx-201710180153-e47\lib\ivy-2.4.0.jar;C:\RepastSimphony-2.5\eclipse\plugins\repast.simphony.runtime_2.5.0\bin;C:\RepastSimphony-2.5\eclipse\plugins\repast.simphony.runtime_2.5.0\lib\saf.core.runtime.jar;C:\RepastSimphony-2.5\eclipse\plugins\repast.simphony.runtime_2.5.0\lib\commons-logging-1.1.2.jar;C:\RepastSimphony-2.5\eclipse\plugins\repast.simphony.runtime_2.5.0\lib\javassist-3.17.1-GA.jar;C:\RepastSimphony-2.5\eclipse\plugins\repast.simphony.runtime_2.5.0\lib\jpf.jar;C:\RepastSimphony-2.5\eclipse\plugins\repast.simphony.runtime_2.5.0\lib\jpf-boot.jar;C:\RepastSimphony-2.5\eclipse\plugins\repast.simphony.runtime_2.5.0\lib\log4j-1.2.16.jar;C:\RepastSimphony-2.5\eclipse\plugins\repast.simphony.runtime_2.5.0\lib\xpp3_min-1.1.4c.jar;C:\RepastSimphony-2.5\eclipse\plugins\repast.simphony.runtime_2.5.0\lib\xstream-1.4.7.jar;C:\RepastSimphony-2.5\eclipse\plugins\repast.simphony.runtime_2.5.0\lib\xmlpull-1.1.3.1.jar;C:\RepastSimphony-2.5\eclipse\plugins\repast.simphony.runtime_2.5.0\lib\commons-cli-1.2.jar
Launcher Type: SUN_STANDARD

Environment Variables:
JAVA_HOME=C:\Program Files\Java\jdk1.8.0_161
PATH=C:/Program Files/Java/jre1.8.0_161/bin/server;C:/Program Files/Java/jre1.8.0_161/bin;C:/Program Files/Java/jre1.8.0_161/lib/amd64;C:\ProgramData\Oracle\Java\javapath;C:\WINDOWS\system32;C:\WINDOWS;C:\WINDOWS\System32\Wbem;C:\WINDOWS\System32\WindowsPowerShell\v1.0\;C:\Program Files (x86)\NVIDIA Corporation\PhysX\Common;C:\Program Files (x86)\sbt\bin;C:\Program Files\Java\jdk1.8.0_161\bin;C:\Program Files\Java\jre1.8.0_161\bin;C:\Program Files (x86)\sbt\bin;C:\Program Files\MongoDB\Server\3.6\bin;C:\Program Files (x86)\scala\bin;C:\Program Files (x86)\scala\bin;C:\Users\titro\AppData\Local\GitHubDesktop\bin;C:\RepastSimphony-2.5;
USERNAME=titro
OS=Windows_NT
PROCESSOR_IDENTIFIER=Intel64 Family 6 Model 78 Stepping 3, GenuineIntel



---------------  S Y S T E M  ---------------

OS: Windows 10.0 , 64 bit Build 16299 (10.0.16299.431)

CPU:total 4 (initial active 4) (2 cores per cpu, 2 threads per core) family 6 model 78 stepping 3, cmov, cx8, fxsr, mmx, sse, sse2, sse3, ssse3, sse4.1, sse4.2, popcnt, avx, avx2, aes, clmul, erms, 3dnowpref, lzcnt, ht, tsc, tscinvbit, bmi1, bmi2, adx

Memory: 4k page, physical 6187900k(1762080k free), swap 8678268k(2112304k free)

vm_info: Java HotSpot(TM) 64-Bit Server VM (25.161-b12) for windows-amd64 JRE (1.8.0_161-b12), built on Dec 19 2017 17:52:25 by "java_re" with MS VC++ 10.0 (VS2010)

time: Fri May 25 13:56:06 2018
elapsed time: 398 seconds (0d 0h 6m 38s)

