2018-05-25 13:24:29,093 - Velocimacro : error using  VM library template VM_global_library.vm : org.apache.velocity.exception.ResourceNotFoundException: Unable to find resource 'VM_global_library.vm'
2018-05-25 13:24:29,093 - Velocimacro :  VM library template macro registration complete.
2018-05-25 13:24:29,093 - Velocimacro : allowInline = true : VMs can be defined inline in templates
2018-05-25 13:24:29,093 - Velocimacro : allowInlineToOverride = false : VMs defined inline may NOT replace previous VM definitions
2018-05-25 13:24:29,093 - Velocimacro : allowInlineLocal = false : VMs defined inline will be  global in scope if allowed.
2018-05-25 13:24:29,093 - Velocimacro : messages on  : VM system will output logging messages
2018-05-25 13:24:29,093 - Velocimacro : autoload off  : VM system will not automatically reload global library macros
2018-05-25 13:24:29,093 - Velocimacro : initialization complete.
2018-05-25 13:24:29,093 - Velocity successfully started.
2018-05-25 13:24:55,011 - ResourceManager : found repast/simphony/parameter/parameters.vt with loader org.apache.velocity.runtime.resource.loader.ClasspathResourceLoader
2018-05-25 13:25:11,946 - ResourceManager : found repast/simphony/parameter/parameters.vt with loader org.apache.velocity.runtime.resource.loader.ClasspathResourceLoader
2018-05-25 13:25:29,924 - ResourceManager : found repast/simphony/parameter/parameters.vt with loader org.apache.velocity.runtime.resource.loader.ClasspathResourceLoader
2018-05-25 13:25:41,279 - ResourceManager : found repast/simphony/parameter/parameters.vt with loader org.apache.velocity.runtime.resource.loader.ClasspathResourceLoader
2018-05-25 13:25:54,018 - ResourceManager : found repast/simphony/parameter/parameters.vt with loader org.apache.velocity.runtime.resource.loader.ClasspathResourceLoader
2018-05-25 13:26:05,385 - ResourceManager : found repast/simphony/parameter/parameters.vt with loader org.apache.velocity.runtime.resource.loader.ClasspathResourceLoader
2018-05-25 13:26:49,580 - ResourceManager : found repast/simphony/parameter/parameters.vt with loader org.apache.velocity.runtime.resource.loader.ClasspathResourceLoader
2018-05-25 13:27:12,299 - ResourceManager : found repast/simphony/parameter/parameters.vt with loader org.apache.velocity.runtime.resource.loader.ClasspathResourceLoader
2018-05-25 13:27:20,056 - ResourceManager : found repast/simphony/parameter/parameters.vt with loader org.apache.velocity.runtime.resource.loader.ClasspathResourceLoader
2018-05-25 13:45:25,549 - SimpleLog4JLogSystem initialized using logfile 'velocity.log'
2018-05-25 13:45:25,549 - ************************************************************** 
2018-05-25 13:45:25,549 - Starting Jakarta Velocity v1.4
2018-05-25 13:45:25,549 - RuntimeInstance initializing.
2018-05-25 13:45:25,549 - Default Properties File: org\apache\velocity\runtime\defaults\velocity.properties
2018-05-25 13:45:25,549 - Trying to use logger class org.apache.velocity.runtime.log.SimpleLog4JLogSystem
2018-05-25 13:45:25,549 - Using logger class org.apache.velocity.runtime.log.SimpleLog4JLogSystem
2018-05-25 13:45:25,553 - Default ResourceManager initializing. (class org.apache.velocity.runtime.resource.ResourceManagerImpl)
2018-05-25 13:45:25,558 - Resource Loader Instantiated: org.apache.velocity.runtime.resource.loader.ClasspathResourceLoader
2018-05-25 13:45:25,558 - ClasspathResourceLoader : initialization starting.
2018-05-25 13:45:25,558 - ClasspathResourceLoader : initialization complete.
2018-05-25 13:45:25,561 - ResourceCache : initialized. (class org.apache.velocity.runtime.resource.ResourceCacheImpl)
2018-05-25 13:45:25,562 - Default ResourceManager initialization complete.
2018-05-25 13:45:25,565 - Loaded System Directive: org.apache.velocity.runtime.directive.Literal
2018-05-25 13:45:25,568 - Loaded System Directive: org.apache.velocity.runtime.directive.Macro
2018-05-25 13:45:25,571 - Loaded System Directive: org.apache.velocity.runtime.directive.Parse
2018-05-25 13:45:25,573 - Loaded System Directive: org.apache.velocity.runtime.directive.Include
2018-05-25 13:45:25,574 - Loaded System Directive: org.apache.velocity.runtime.directive.Foreach
2018-05-25 13:45:25,600 - Created: 20 parsers.
2018-05-25 13:45:25,608 - Velocimacro : initialization starting.
2018-05-25 13:45:25,608 - Velocimacro : adding VMs from VM library template : VM_global_library.vm
2018-05-25 13:45:25,620 - ResourceManager : unable to find resource 'VM_global_library.vm' in any resource loader.
2018-05-25 13:45:25,620 - Velocimacro : error using  VM library template VM_global_library.vm : org.apache.velocity.exception.ResourceNotFoundException: Unable to find resource 'VM_global_library.vm'
2018-05-25 13:45:25,620 - Velocimacro :  VM library template macro registration complete.
2018-05-25 13:45:25,620 - Velocimacro : allowInline = true : VMs can be defined inline in templates
2018-05-25 13:45:25,620 - Velocimacro : allowInlineToOverride = false : VMs defined inline may NOT replace previous VM definitions
2018-05-25 13:45:25,620 - Velocimacro : allowInlineLocal = false : VMs defined inline will be  global in scope if allowed.
2018-05-25 13:45:25,620 - Velocimacro : messages on  : VM system will output logging messages
2018-05-25 13:45:25,620 - Velocimacro : autoload off  : VM system will not automatically reload global library macros
2018-05-25 13:45:25,620 - Velocimacro : initialization complete.
2018-05-25 13:45:25,620 - Velocity successfully started.
2018-05-25 13:46:27,756 - ResourceManager : found repast/simphony/parameter/parameters.vt with loader org.apache.velocity.runtime.resource.loader.ClasspathResourceLoader
2018-05-25 13:49:32,199 - SimpleLog4JLogSystem initialized using logfile 'velocity.log'
2018-05-25 13:49:32,200 - ************************************************************** 
2018-05-25 13:49:32,200 - Starting Jakarta Velocity v1.4
2018-05-25 13:49:32,200 - RuntimeInstance initializing.
2018-05-25 13:49:32,200 - Default Properties File: org\apache\velocity\runtime\defaults\velocity.properties
2018-05-25 13:49:32,200 - Trying to use logger class org.apache.velocity.runtime.log.SimpleLog4JLogSystem
2018-05-25 13:49:32,200 - Using logger class org.apache.velocity.runtime.log.SimpleLog4JLogSystem
2018-05-25 13:49:32,202 - Default ResourceManager initializing. (class org.apache.velocity.runtime.resource.ResourceManagerImpl)
2018-05-25 13:49:32,204 - Resource Loader Instantiated: org.apache.velocity.runtime.resource.loader.ClasspathResourceLoader
2018-05-25 13:49:32,204 - ClasspathResourceLoader : initialization starting.
2018-05-25 13:49:32,204 - ClasspathResourceLoader : initialization complete.
2018-05-25 13:49:32,205 - ResourceCache : initialized. (class org.apache.velocity.runtime.resource.ResourceCacheImpl)
2018-05-25 13:49:32,205 - Default ResourceManager initialization complete.
2018-05-25 13:49:32,208 - Loaded System Directive: org.apache.velocity.runtime.directive.Literal
2018-05-25 13:49:32,209 - Loaded System Directive: org.apache.velocity.runtime.directive.Macro
2018-05-25 13:49:32,211 - Loaded System Directive: org.apache.velocity.runtime.directive.Parse
2018-05-25 13:49:32,212 - Loaded System Directive: org.apache.velocity.runtime.directive.Include
2018-05-25 13:49:32,213 - Loaded System Directive: org.apache.velocity.runtime.directive.Foreach
2018-05-25 13:49:32,234 - Created: 20 parsers.
2018-05-25 13:49:32,240 - Velocimacro : initialization starting.
2018-05-25 13:49:32,240 - Velocimacro : adding VMs from VM library template : VM_global_library.vm
2018-05-25 13:49:32,248 - ResourceManager : unable to find resource 'VM_global_library.vm' in any resource loader.
2018-05-25 13:49:32,248 - Velocimacro : error using  VM library template VM_global_library.vm : org.apache.velocity.exception.ResourceNotFoundException: Unable to find resource 'VM_global_library.vm'
2018-05-25 13:49:32,248 - Velocimacro :  VM library template macro registration complete.
2018-05-25 13:49:32,248 - Velocimacro : allowInline = true : VMs can be defined inline in templates
2018-05-25 13:49:32,248 - Velocimacro : allowInlineToOverride = false : VMs defined inline may NOT replace previous VM definitions
2018-05-25 13:49:32,248 - Velocimacro : allowInlineLocal = false : VMs defined inline will be  global in scope if allowed.
2018-05-25 13:49:32,248 - Velocimacro : messages on  : VM system will output logging messages
2018-05-25 13:49:32,249 - Velocimacro : autoload off  : VM system will not automatically reload global library macros
2018-05-25 13:49:32,249 - Velocimacro : initialization complete.
2018-05-25 13:49:32,249 - Velocity successfully started.
2018-05-25 13:57:06,815 - SimpleLog4JLogSystem initialized using logfile 'velocity.log'
2018-05-25 13:57:06,815 - ************************************************************** 
2018-05-25 13:57:06,815 - Starting Jakarta Velocity v1.4
2018-05-25 13:57:06,815 - RuntimeInstance initializing.
2018-05-25 13:57:06,815 - Default Properties File: org\apache\velocity\runtime\defaults\velocity.properties
2018-05-25 13:57:06,815 - Trying to use logger class org.apache.velocity.runtime.log.SimpleLog4JLogSystem
2018-05-25 13:57:06,815 - Using logger class org.apache.velocity.runtime.log.SimpleLog4JLogSystem
2018-05-25 13:57:06,815 - Default ResourceManager initializing. (class org.apache.velocity.runtime.resource.ResourceManagerImpl)
2018-05-25 13:57:06,815 - Resource Loader Instantiated: org.apache.velocity.runtime.resource.loader.ClasspathResourceLoader
2018-05-25 13:57:06,815 - ClasspathResourceLoader : initialization starting.
2018-05-25 13:57:06,815 - ClasspathResourceLoader : initialization complete.
2018-05-25 13:57:06,829 - ResourceCache : initialized. (class org.apache.velocity.runtime.resource.ResourceCacheImpl)
2018-05-25 13:57:06,829 - Default ResourceManager initialization complete.
2018-05-25 13:57:06,832 - Loaded System Directive: org.apache.velocity.runtime.directive.Literal
2018-05-25 13:57:06,833 - Loaded System Directive: org.apache.velocity.runtime.directive.Macro
2018-05-25 13:57:06,833 - Loaded System Directive: org.apache.velocity.runtime.directive.Parse
2018-05-25 13:57:06,833 - Loaded System Directive: org.apache.velocity.runtime.directive.Include
2018-05-25 13:57:06,833 - Loaded System Directive: org.apache.velocity.runtime.directive.Foreach
2018-05-25 13:57:06,864 - Created: 20 parsers.
2018-05-25 13:57:06,888 - Velocimacro : initialization starting.
2018-05-25 13:57:06,888 - Velocimacro : adding VMs from VM library template : VM_global_library.vm
2018-05-25 13:57:06,897 - ResourceManager : unable to find resource 'VM_global_library.vm' in any resource loader.
2018-05-25 13:57:06,897 - Velocimacro : error using  VM library template VM_global_library.vm : org.apache.velocity.exception.ResourceNotFoundException: Unable to find resource 'VM_global_library.vm'
2018-05-25 13:57:06,897 - Velocimacro :  VM library template macro registration complete.
2018-05-25 13:57:06,897 - Velocimacro : allowInline = true : VMs can be defined inline in templates
2018-05-25 13:57:06,897 - Velocimacro : allowInlineToOverride = false : VMs defined inline may NOT replace previous VM definitions
2018-05-25 13:57:06,897 - Velocimacro : allowInlineLocal = false : VMs defined inline will be  global in scope if allowed.
2018-05-25 13:57:06,897 - Velocimacro : messages on  : VM system will output logging messages
2018-05-25 13:57:06,897 - Velocimacro : autoload off  : VM system will not automatically reload global library macros
2018-05-25 13:57:06,897 - Velocimacro : initialization complete.
2018-05-25 13:57:06,897 - Velocity successfully started.
2018-05-25 14:25:25,652 - SimpleLog4JLogSystem initialized using logfile 'velocity.log'
2018-05-25 14:25:25,653 - ************************************************************** 
2018-05-25 14:25:25,653 - Starting Jakarta Velocity v1.4
2018-05-25 14:25:25,653 - RuntimeInstance initializing.
2018-05-25 14:25:25,653 - Default Properties File: org\apache\velocity\runtime\defaults\velocity.properties
2018-05-25 14:25:25,653 - Trying to use logger class org.apache.velocity.runtime.log.SimpleLog4JLogSystem
2018-05-25 14:25:25,653 - Using logger class org.apache.velocity.runtime.log.SimpleLog4JLogSystem
2018-05-25 14:25:25,655 - Default ResourceManager initializing. (class org.apache.velocity.runtime.resource.ResourceManagerImpl)
2018-05-25 14:25:25,655 - Resource Loader Instantiated: org.apache.velocity.runtime.resource.loader.ClasspathResourceLoader
2018-05-25 14:25:25,655 - ClasspathResourceLoader : initialization starting.
2018-05-25 14:25:25,655 - ClasspathResourceLoader : initialization complete.
2018-05-25 14:25:25,655 - ResourceCache : initialized. (class org.apache.velocity.runtime.resource.ResourceCacheImpl)
2018-05-25 14:25:25,655 - Default ResourceManager initialization complete.
2018-05-25 14:25:25,655 - Loaded System Directive: org.apache.velocity.runtime.directive.Literal
2018-05-25 14:25:25,662 - Loaded System Directive: org.apache.velocity.runtime.directive.Macro
2018-05-25 14:25:25,664 - Loaded System Directive: org.apache.velocity.runtime.directive.Parse
2018-05-25 14:25:25,666 - Loaded System Directive: org.apache.velocity.runtime.directive.Include
2018-05-25 14:25:25,667 - Loaded System Directive: org.apache.velocity.runtime.directive.Foreach
2018-05-25 14:25:25,686 - Created: 20 parsers.
2018-05-25 14:25:25,694 - Velocimacro : initialization starting.
2018-05-25 14:25:25,694 - Velocimacro : adding VMs from VM library template : VM_global_library.vm
2018-05-25 14:25:25,702 - ResourceManager : unable to find resource 'VM_global_library.vm' in any resource loader.
2018-05-25 14:25:25,702 - Velocimacro : error using  VM library template VM_global_library.vm : org.apache.velocity.exception.ResourceNotFoundException: Unable to find resource 'VM_global_library.vm'
2018-05-25 14:25:25,702 - Velocimacro :  VM library template macro registration complete.
2018-05-25 14:25:25,702 - Velocimacro : allowInline = true : VMs can be defined inline in templates
2018-05-25 14:25:25,702 - Velocimacro : allowInlineToOverride = false : VMs defined inline may NOT replace previous VM definitions
2018-05-25 14:25:25,702 - Velocimacro : allowInlineLocal = false : VMs defined inline will be  global in scope if allowed.
2018-05-25 14:25:25,702 - Velocimacro : messages on  : VM system will output logging messages
2018-05-25 14:25:25,702 - Velocimacro : autoload off  : VM system will not automatically reload global library macros
2018-05-25 14:25:25,702 - Velocimacro : initialization complete.
2018-05-25 14:25:25,702 - Velocity successfully started.
2018-05-25 14:38:56,030 - ResourceManager : found repast/simphony/parameter/parameters.vt with loader org.apache.velocity.runtime.resource.loader.ClasspathResourceLoader
2018-05-25 14:38:58,030 - ResourceManager : found repast/simphony/scenario/Scenario.vt with loader org.apache.velocity.runtime.resource.loader.ClasspathResourceLoader
2018-05-25 14:40:09,030 - SimpleLog4JLogSystem initialized using logfile 'velocity.log'
2018-05-25 14:40:09,030 - ************************************************************** 
2018-05-25 14:40:09,030 - Starting Jakarta Velocity v1.4
2018-05-25 14:40:09,030 - RuntimeInstance initializing.
2018-05-25 14:40:09,030 - Default Properties File: org\apache\velocity\runtime\defaults\velocity.properties
2018-05-25 14:40:09,030 - Trying to use logger class org.apache.velocity.runtime.log.SimpleLog4JLogSystem
2018-05-25 14:40:09,030 - Using logger class org.apache.velocity.runtime.log.SimpleLog4JLogSystem
2018-05-25 14:40:09,030 - Default ResourceManager initializing. (class org.apache.velocity.runtime.resource.ResourceManagerImpl)
2018-05-25 14:40:09,030 - Resource Loader Instantiated: org.apache.velocity.runtime.resource.loader.ClasspathResourceLoader
2018-05-25 14:40:09,030 - ClasspathResourceLoader : initialization starting.
2018-05-25 14:40:09,030 - ClasspathResourceLoader : initialization complete.
2018-05-25 14:40:09,030 - ResourceCache : initialized. (class org.apache.velocity.runtime.resource.ResourceCacheImpl)
2018-05-25 14:40:09,030 - Default ResourceManager initialization complete.
2018-05-25 14:40:09,030 - Loaded System Directive: org.apache.velocity.runtime.directive.Literal
2018-05-25 14:40:09,045 - Loaded System Directive: org.apache.velocity.runtime.directive.Macro
2018-05-25 14:40:09,045 - Loaded System Directive: org.apache.velocity.runtime.directive.Parse
2018-05-25 14:40:09,045 - Loaded System Directive: org.apache.velocity.runtime.directive.Include
2018-05-25 14:40:09,045 - Loaded System Directive: org.apache.velocity.runtime.directive.Foreach
2018-05-25 14:40:09,061 - Created: 20 parsers.
2018-05-25 14:40:09,076 - Velocimacro : initialization starting.
2018-05-25 14:40:09,076 - Velocimacro : adding VMs from VM library template : VM_global_library.vm
2018-05-25 14:40:09,076 - ResourceManager : unable to find resource 'VM_global_library.vm' in any resource loader.
2018-05-25 14:40:09,076 - Velocimacro : error using  VM library template VM_global_library.vm : org.apache.velocity.exception.ResourceNotFoundException: Unable to find resource 'VM_global_library.vm'
2018-05-25 14:40:09,076 - Velocimacro :  VM library template macro registration complete.
2018-05-25 14:40:09,076 - Velocimacro : allowInline = true : VMs can be defined inline in templates
2018-05-25 14:40:09,076 - Velocimacro : allowInlineToOverride = false : VMs defined inline may NOT replace previous VM definitions
2018-05-25 14:40:09,076 - Velocimacro : allowInlineLocal = false : VMs defined inline will be  global in scope if allowed.
2018-05-25 14:40:09,076 - Velocimacro : messages on  : VM system will output logging messages
2018-05-25 14:40:09,076 - Velocimacro : autoload off  : VM system will not automatically reload global library macros
2018-05-25 14:40:09,076 - Velocimacro : initialization complete.
2018-05-25 14:40:09,076 - Velocity successfully started.
2018-05-25 14:42:38,006 - SimpleLog4JLogSystem initialized using logfile 'velocity.log'
2018-05-25 14:42:38,006 - ************************************************************** 
2018-05-25 14:42:38,006 - Starting Jakarta Velocity v1.4
2018-05-25 14:42:38,006 - RuntimeInstance initializing.
2018-05-25 14:42:38,006 - Default Properties File: org\apache\velocity\runtime\defaults\velocity.properties
2018-05-25 14:42:38,006 - Trying to use logger class org.apache.velocity.runtime.log.SimpleLog4JLogSystem
2018-05-25 14:42:38,006 - Using logger class org.apache.velocity.runtime.log.SimpleLog4JLogSystem
2018-05-25 14:42:38,006 - Default ResourceManager initializing. (class org.apache.velocity.runtime.resource.ResourceManagerImpl)
2018-05-25 14:42:38,006 - Resource Loader Instantiated: org.apache.velocity.runtime.resource.loader.ClasspathResourceLoader
2018-05-25 14:42:38,006 - ClasspathResourceLoader : initialization starting.
2018-05-25 14:42:38,006 - ClasspathResourceLoader : initialization complete.
2018-05-25 14:42:38,022 - ResourceCache : initialized. (class org.apache.velocity.runtime.resource.ResourceCacheImpl)
2018-05-25 14:42:38,022 - Default ResourceManager initialization complete.
2018-05-25 14:42:38,022 - Loaded System Directive: org.apache.velocity.runtime.directive.Literal
2018-05-25 14:42:38,022 - Loaded System Directive: org.apache.velocity.runtime.directive.Macro
2018-05-25 14:42:38,022 - Loaded System Directive: org.apache.velocity.runtime.directive.Parse
2018-05-25 14:42:38,022 - Loaded System Directive: org.apache.velocity.runtime.directive.Include
2018-05-25 14:42:38,022 - Loaded System Directive: org.apache.velocity.runtime.directive.Foreach
2018-05-25 14:42:38,053 - Created: 20 parsers.
2018-05-25 14:42:38,053 - Velocimacro : initialization starting.
2018-05-25 14:42:38,053 - Velocimacro : adding VMs from VM library template : VM_global_library.vm
2018-05-25 14:42:38,069 - ResourceManager : unable to find resource 'VM_global_library.vm' in any resource loader.
2018-05-25 14:42:38,069 - Velocimacro : error using  VM library template VM_global_library.vm : org.apache.velocity.exception.ResourceNotFoundException: Unable to find resource 'VM_global_library.vm'
2018-05-25 14:42:38,069 - Velocimacro :  VM library template macro registration complete.
2018-05-25 14:42:38,069 - Velocimacro : allowInline = true : VMs can be defined inline in templates
2018-05-25 14:42:38,069 - Velocimacro : allowInlineToOverride = false : VMs defined inline may NOT replace previous VM definitions
2018-05-25 14:42:38,069 - Velocimacro : allowInlineLocal = false : VMs defined inline will be  global in scope if allowed.
2018-05-25 14:42:38,069 - Velocimacro : messages on  : VM system will output logging messages
2018-05-25 14:42:38,069 - Velocimacro : autoload off  : VM system will not automatically reload global library macros
2018-05-25 14:42:38,069 - Velocimacro : initialization complete.
2018-05-25 14:42:38,069 - Velocity successfully started.
2018-05-25 15:04:13,117 - SimpleLog4JLogSystem initialized using logfile 'velocity.log'
2018-05-25 15:04:13,133 - ************************************************************** 
2018-05-25 15:04:13,133 - Starting Jakarta Velocity v1.4
2018-05-25 15:04:13,133 - RuntimeInstance initializing.
2018-05-25 15:04:13,133 - Default Properties File: org\apache\velocity\runtime\defaults\velocity.properties
2018-05-25 15:04:13,133 - Trying to use logger class org.apache.velocity.runtime.log.SimpleLog4JLogSystem
2018-05-25 15:04:13,133 - Using logger class org.apache.velocity.runtime.log.SimpleLog4JLogSystem
2018-05-25 15:04:13,133 - Default ResourceManager initializing. (class org.apache.velocity.runtime.resource.ResourceManagerImpl)
2018-05-25 15:04:13,133 - Resource Loader Instantiated: org.apache.velocity.runtime.resource.loader.ClasspathResourceLoader
2018-05-25 15:04:13,133 - ClasspathResourceLoader : initialization starting.
2018-05-25 15:04:13,133 - ClasspathResourceLoader : initialization complete.
2018-05-25 15:04:13,133 - ResourceCache : initialized. (class org.apache.velocity.runtime.resource.ResourceCacheImpl)
2018-05-25 15:04:13,133 - Default ResourceManager initialization complete.
2018-05-25 15:04:13,148 - Loaded System Directive: org.apache.velocity.runtime.directive.Literal
2018-05-25 15:04:13,148 - Loaded System Directive: org.apache.velocity.runtime.directive.Macro
2018-05-25 15:04:13,164 - Loaded System Directive: org.apache.velocity.runtime.directive.Parse
2018-05-25 15:04:13,164 - Loaded System Directive: org.apache.velocity.runtime.directive.Include
2018-05-25 15:04:13,164 - Loaded System Directive: org.apache.velocity.runtime.directive.Foreach
2018-05-25 15:04:13,242 - SimpleLog4JLogSystem initialized using logfile 'velocity.log'
2018-05-25 15:04:13,242 - ************************************************************** 
2018-05-25 15:04:13,242 - Starting Jakarta Velocity v1.4
2018-05-25 15:04:13,242 - RuntimeInstance initializing.
2018-05-25 15:04:13,242 - Default Properties File: org\apache\velocity\runtime\defaults\velocity.properties
2018-05-25 15:04:13,242 - Trying to use logger class org.apache.velocity.runtime.log.SimpleLog4JLogSystem
2018-05-25 15:04:13,242 - Using logger class org.apache.velocity.runtime.log.SimpleLog4JLogSystem
2018-05-25 15:04:13,242 - Created: 20 parsers.
2018-05-25 15:04:13,242 - Default ResourceManager initializing. (class org.apache.velocity.runtime.resource.ResourceManagerImpl)
2018-05-25 15:04:13,242 - Resource Loader Instantiated: org.apache.velocity.runtime.resource.loader.ClasspathResourceLoader
2018-05-25 15:04:13,242 - ClasspathResourceLoader : initialization starting.
2018-05-25 15:04:13,242 - ClasspathResourceLoader : initialization complete.
2018-05-25 15:04:13,258 - Velocimacro : initialization starting.
2018-05-25 15:04:13,258 - ResourceCache : initialized. (class org.apache.velocity.runtime.resource.ResourceCacheImpl)
2018-05-25 15:04:13,258 - Velocimacro : adding VMs from VM library template : VM_global_library.vm
2018-05-25 15:04:13,258 - Default ResourceManager initialization complete.
2018-05-25 15:04:13,258 - Loaded System Directive: org.apache.velocity.runtime.directive.Literal
2018-05-25 15:04:13,258 - Loaded System Directive: org.apache.velocity.runtime.directive.Macro
2018-05-25 15:04:13,258 - Loaded System Directive: org.apache.velocity.runtime.directive.Parse
2018-05-25 15:04:13,258 - Loaded System Directive: org.apache.velocity.runtime.directive.Include
2018-05-25 15:04:13,258 - Loaded System Directive: org.apache.velocity.runtime.directive.Foreach
2018-05-25 15:04:13,273 - ResourceManager : unable to find resource 'VM_global_library.vm' in any resource loader.
2018-05-25 15:04:13,273 - Velocimacro : error using  VM library template VM_global_library.vm : org.apache.velocity.exception.ResourceNotFoundException: Unable to find resource 'VM_global_library.vm'
2018-05-25 15:04:13,273 - Velocimacro :  VM library template macro registration complete.
2018-05-25 15:04:13,273 - Velocimacro : allowInline = true : VMs can be defined inline in templates
2018-05-25 15:04:13,273 - Velocimacro : allowInlineToOverride = false : VMs defined inline may NOT replace previous VM definitions
2018-05-25 15:04:13,273 - Velocimacro : allowInlineLocal = false : VMs defined inline will be  global in scope if allowed.
2018-05-25 15:04:13,273 - Velocimacro : messages on  : VM system will output logging messages
2018-05-25 15:04:13,273 - Velocimacro : autoload off  : VM system will not automatically reload global library macros
2018-05-25 15:04:13,273 - Velocimacro : initialization complete.
2018-05-25 15:04:13,273 - Velocity successfully started.
2018-05-25 15:04:13,336 - Created: 20 parsers.
2018-05-25 15:04:13,352 - Velocimacro : initialization starting.
2018-05-25 15:04:13,352 - Velocimacro : adding VMs from VM library template : VM_global_library.vm
2018-05-25 15:04:13,383 - ResourceManager : unable to find resource 'VM_global_library.vm' in any resource loader.
2018-05-25 15:04:13,383 - Velocimacro : error using  VM library template VM_global_library.vm : org.apache.velocity.exception.ResourceNotFoundException: Unable to find resource 'VM_global_library.vm'
2018-05-25 15:04:13,383 - Velocimacro :  VM library template macro registration complete.
2018-05-25 15:04:13,383 - Velocimacro : allowInline = true : VMs can be defined inline in templates
2018-05-25 15:04:13,383 - Velocimacro : allowInlineToOverride = false : VMs defined inline may NOT replace previous VM definitions
2018-05-25 15:04:13,383 - Velocimacro : allowInlineLocal = false : VMs defined inline will be  global in scope if allowed.
2018-05-25 15:04:13,383 - Velocimacro : messages on  : VM system will output logging messages
2018-05-25 15:04:13,383 - Velocimacro : autoload off  : VM system will not automatically reload global library macros
2018-05-25 15:04:13,383 - Velocimacro : initialization complete.
2018-05-25 15:04:13,383 - Velocity successfully started.
2018-05-25 15:09:28,144 - SimpleLog4JLogSystem initialized using logfile 'velocity.log'
2018-05-25 15:09:28,144 - ************************************************************** 
2018-05-25 15:09:28,144 - Starting Jakarta Velocity v1.4
2018-05-25 15:09:28,144 - RuntimeInstance initializing.
2018-05-25 15:09:28,144 - Default Properties File: org\apache\velocity\runtime\defaults\velocity.properties
2018-05-25 15:09:28,144 - Trying to use logger class org.apache.velocity.runtime.log.SimpleLog4JLogSystem
2018-05-25 15:09:28,144 - Using logger class org.apache.velocity.runtime.log.SimpleLog4JLogSystem
2018-05-25 15:09:28,144 - Default ResourceManager initializing. (class org.apache.velocity.runtime.resource.ResourceManagerImpl)
2018-05-25 15:09:28,144 - Resource Loader Instantiated: org.apache.velocity.runtime.resource.loader.ClasspathResourceLoader
2018-05-25 15:09:28,144 - ClasspathResourceLoader : initialization starting.
2018-05-25 15:09:28,144 - ClasspathResourceLoader : initialization complete.
2018-05-25 15:09:28,144 - ResourceCache : initialized. (class org.apache.velocity.runtime.resource.ResourceCacheImpl)
2018-05-25 15:09:28,144 - Default ResourceManager initialization complete.
2018-05-25 15:09:28,160 - Loaded System Directive: org.apache.velocity.runtime.directive.Literal
2018-05-25 15:09:28,160 - Loaded System Directive: org.apache.velocity.runtime.directive.Macro
2018-05-25 15:09:28,160 - Loaded System Directive: org.apache.velocity.runtime.directive.Parse
2018-05-25 15:09:28,160 - Loaded System Directive: org.apache.velocity.runtime.directive.Include
2018-05-25 15:09:28,160 - Loaded System Directive: org.apache.velocity.runtime.directive.Foreach
2018-05-25 15:09:28,207 - Created: 20 parsers.
2018-05-25 15:09:28,207 - Velocimacro : initialization starting.
2018-05-25 15:09:28,207 - Velocimacro : adding VMs from VM library template : VM_global_library.vm
2018-05-25 15:09:28,222 - ResourceManager : unable to find resource 'VM_global_library.vm' in any resource loader.
2018-05-25 15:09:28,222 - Velocimacro : error using  VM library template VM_global_library.vm : org.apache.velocity.exception.ResourceNotFoundException: Unable to find resource 'VM_global_library.vm'
2018-05-25 15:09:28,222 - Velocimacro :  VM library template macro registration complete.
2018-05-25 15:09:28,222 - Velocimacro : allowInline = true : VMs can be defined inline in templates
2018-05-25 15:09:28,222 - Velocimacro : allowInlineToOverride = false : VMs defined inline may NOT replace previous VM definitions
2018-05-25 15:09:28,222 - Velocimacro : allowInlineLocal = false : VMs defined inline will be  global in scope if allowed.
2018-05-25 15:09:28,222 - Velocimacro : messages on  : VM system will output logging messages
2018-05-25 15:09:28,222 - Velocimacro : autoload off  : VM system will not automatically reload global library macros
2018-05-25 15:09:28,222 - Velocimacro : initialization complete.
2018-05-25 15:09:28,222 - Velocity successfully started.
2018-05-25 15:10:53,200 - ResourceManager : found repast/simphony/parameter/parameters.vt with loader org.apache.velocity.runtime.resource.loader.ClasspathResourceLoader
